#-----------------------------------------------------------
# Vivado v2019.1 (64-bit)
# SW Build 2552052 on Fri May 24 14:49:42 MDT 2019
# IP Build 2548770 on Fri May 24 18:01:18 MDT 2019
# Start of session at: Tue Oct  4 22:54:02 2022
# Process ID: 8944
# Current directory: C:/Users/Winter/Desktop/vivado/Exercise/project_1
# Command line: vivado.exe -gui_launcher_event rodinguilauncherevent2836 C:\Users\Winter\Desktop\vivado\Exercise\project_1\project_1.xpr
# Log file: C:/Users/Winter/Desktop/vivado/Exercise/project_1/vivado.log
# Journal file: C:/Users/Winter/Desktop/vivado/Exercise/project_1\vivado.jou
#-----------------------------------------------------------
start_gui
open_project C:/Users/Winter/Desktop/vivado/Exercise/project_1/project_1.xpr
Scanning sources...
Finished scanning sources
INFO: [IP_Flow 19-234] Refreshing IP repositories
INFO: [IP_Flow 19-1704] No user IP repositories specified
INFO: [IP_Flow 19-2313] Loaded Vivado IP repository 'D:/Software/Xilinx/Vivado/2019.1/data/ip'.
update_compile_order -fileset sources_1
export_ip_user_files -of_objects  [get_files C:/Users/Winter/Desktop/vivado/Exercise/project_1/project_1.srcs/sim_1/new/pro_1_tb.v] -no_script -reset -force -quiet
remove_files  -fileset sim_1 C:/Users/Winter/Desktop/vivado/Exercise/project_1/project_1.srcs/sim_1/new/pro_1_tb.v
export_ip_user_files -of_objects  [get_files C:/Users/Winter/Desktop/vivado/Exercise/project_1/project_1.srcs/sources_1/new/con_rep_tb.v] -no_script -reset -force -quiet
remove_files  C:/Users/Winter/Desktop/vivado/Exercise/project_1/project_1.srcs/sources_1/new/con_rep_tb.v
set_property SOURCE_SET sources_1 [get_filesets sim_1]
add_files -fileset sim_1 -norecurse C:/Users/Winter/Desktop/vivado/Exercise/project_1/pro_1_tb.v
update_compile_order -fileset sim_1
update_compile_order -fileset sim_1
launch_simulation
INFO: [Vivado 12-5682] Launching behavioral simulation in 'C:/Users/Winter/Desktop/vivado/Exercise/project_1/project_1.sim/sim_1/behav/xsim'
INFO: [SIM-utils-51] Simulation object is 'sim_1'
INFO: [SIM-utils-54] Inspecting design source files for 'pro_1_tb' in fileset 'sim_1'...
INFO: [USF-XSim-97] Finding global include files...
INFO: [USF-XSim-98] Fetching design files from 'sim_1'...
INFO: [USF-XSim-2] XSim::Compile design
INFO: [USF-XSim-61] Executing 'COMPILE and ANALYZE' step in 'C:/Users/Winter/Desktop/vivado/Exercise/project_1/project_1.sim/sim_1/behav/xsim'
"xvlog --incr --relax -prj pro_1_tb_vlog.prj"
INFO: [VRFC 10-2263] Analyzing Verilog file "C:/Users/Winter/Desktop/vivado/Exercise/project_1/project_1.srcs/sources_1/new/pro_1_design.v" into library xil_defaultlib
INFO: [VRFC 10-311] analyzing module pro_1_design
INFO: [VRFC 10-2263] Analyzing Verilog file "C:/Users/Winter/Desktop/vivado/Exercise/project_1/pro_1_tb.v" into library xil_defaultlib
INFO: [VRFC 10-311] analyzing module pro_1_tb
INFO: [USF-XSim-69] 'compile' step finished in '1' seconds
INFO: [USF-XSim-3] XSim::Elaborate design
INFO: [USF-XSim-61] Executing 'ELABORATE' step in 'C:/Users/Winter/Desktop/vivado/Exercise/project_1/project_1.sim/sim_1/behav/xsim'
"xelab -wto c8d4ce05b3b845fb900a7d40ffb67072 --incr --debug typical --relax --mt 2 -L xil_defaultlib -L unisims_ver -L unimacro_ver -L secureip --snapshot pro_1_tb_behav xil_defaultlib.pro_1_tb xil_defaultlib.glbl -log elaborate.log"
Vivado Simulator 2019.1
Copyright 1986-1999, 2001-2019 Xilinx, Inc. All Rights Reserved.
Running: D:/Software/Xilinx/Vivado/2019.1/bin/unwrapped/win64.o/xelab.exe -wto c8d4ce05b3b845fb900a7d40ffb67072 --incr --debug typical --relax --mt 2 -L xil_defaultlib -L unisims_ver -L unimacro_ver -L secureip --snapshot pro_1_tb_behav xil_defaultlib.pro_1_tb xil_defaultlib.glbl -log elaborate.log 
Using 2 slave threads.
Starting static elaboration
ERROR: [VRFC 10-2538] module instantiation should have an instance name [C:/Users/Winter/Desktop/vivado/Exercise/project_1/pro_1_tb.v:4]
ERROR: [XSIM 43-3322] Static elaboration of top level Verilog design unit(s) in library work failed.
INFO: [USF-XSim-69] 'elaborate' step finished in '1' seconds
INFO: [USF-XSim-99] Step results log file:'C:/Users/Winter/Desktop/vivado/Exercise/project_1/project_1.sim/sim_1/behav/xsim/elaborate.log'
ERROR: [USF-XSim-62] 'elaborate' step failed with error(s). Please check the Tcl console output or 'C:/Users/Winter/Desktop/vivado/Exercise/project_1/project_1.sim/sim_1/behav/xsim/elaborate.log' file for more information.
ERROR: [Vivado 12-4473] Detected error while running simulation. Please correct the issue and retry this operation.
ERROR: [Common 17-39] 'launch_simulation' failed due to earlier errors.
launch_simulation
INFO: [Vivado 12-5682] Launching behavioral simulation in 'C:/Users/Winter/Desktop/vivado/Exercise/project_1/project_1.sim/sim_1/behav/xsim'
INFO: [SIM-utils-51] Simulation object is 'sim_1'
INFO: [SIM-utils-54] Inspecting design source files for 'pro_1_tb' in fileset 'sim_1'...
INFO: [USF-XSim-97] Finding global include files...
INFO: [USF-XSim-98] Fetching design files from 'sim_1'...
INFO: [USF-XSim-2] XSim::Compile design
INFO: [USF-XSim-61] Executing 'COMPILE and ANALYZE' step in 'C:/Users/Winter/Desktop/vivado/Exercise/project_1/project_1.sim/sim_1/behav/xsim'
"xvlog --incr --relax -prj pro_1_tb_vlog.prj"
INFO: [VRFC 10-2263] Analyzing Verilog file "C:/Users/Winter/Desktop/vivado/Exercise/project_1/pro_1_tb.v" into library xil_defaultlib
INFO: [VRFC 10-311] analyzing module pro_1_tb
INFO: [USF-XSim-69] 'compile' step finished in '1' seconds
INFO: [USF-XSim-3] XSim::Elaborate design
INFO: [USF-XSim-61] Executing 'ELABORATE' step in 'C:/Users/Winter/Desktop/vivado/Exercise/project_1/project_1.sim/sim_1/behav/xsim'
"xelab -wto c8d4ce05b3b845fb900a7d40ffb67072 --incr --debug typical --relax --mt 2 -L xil_defaultlib -L unisims_ver -L unimacro_ver -L secureip --snapshot pro_1_tb_behav xil_defaultlib.pro_1_tb xil_defaultlib.glbl -log elaborate.log"
Vivado Simulator 2019.1
Copyright 1986-1999, 2001-2019 Xilinx, Inc. All Rights Reserved.
Running: D:/Software/Xilinx/Vivado/2019.1/bin/unwrapped/win64.o/xelab.exe -wto c8d4ce05b3b845fb900a7d40ffb67072 --incr --debug typical --relax --mt 2 -L xil_defaultlib -L unisims_ver -L unimacro_ver -L secureip --snapshot pro_1_tb_behav xil_defaultlib.pro_1_tb xil_defaultlib.glbl -log elaborate.log 
Using 2 slave threads.
Starting static elaboration
ERROR: [VRFC 10-3236] concurrent assignment to a non-net 'out' is not permitted [C:/Users/Winter/Desktop/vivado/Exercise/project_1/pro_1_tb.v:4]
ERROR: [XSIM 43-3322] Static elaboration of top level Verilog design unit(s) in library work failed.
INFO: [USF-XSim-69] 'elaborate' step finished in '1' seconds
INFO: [USF-XSim-99] Step results log file:'C:/Users/Winter/Desktop/vivado/Exercise/project_1/project_1.sim/sim_1/behav/xsim/elaborate.log'
ERROR: [USF-XSim-62] 'elaborate' step failed with error(s). Please check the Tcl console output or 'C:/Users/Winter/Desktop/vivado/Exercise/project_1/project_1.sim/sim_1/behav/xsim/elaborate.log' file for more information.
ERROR: [Vivado 12-4473] Detected error while running simulation. Please correct the issue and retry this operation.
ERROR: [Common 17-39] 'launch_simulation' failed due to earlier errors.
launch_simulation
INFO: [Vivado 12-5682] Launching behavioral simulation in 'C:/Users/Winter/Desktop/vivado/Exercise/project_1/project_1.sim/sim_1/behav/xsim'
INFO: [SIM-utils-51] Simulation object is 'sim_1'
INFO: [SIM-utils-54] Inspecting design source files for 'pro_1_tb' in fileset 'sim_1'...
INFO: [USF-XSim-97] Finding global include files...
INFO: [USF-XSim-98] Fetching design files from 'sim_1'...
INFO: [USF-XSim-2] XSim::Compile design
INFO: [USF-XSim-61] Executing 'COMPILE and ANALYZE' step in 'C:/Users/Winter/Desktop/vivado/Exercise/project_1/project_1.sim/sim_1/behav/xsim'
"xvlog --incr --relax -prj pro_1_tb_vlog.prj"
INFO: [VRFC 10-2263] Analyzing Verilog file "C:/Users/Winter/Desktop/vivado/Exercise/project_1/project_1.srcs/sources_1/new/pro_1_design.v" into library xil_defaultlib
INFO: [VRFC 10-311] analyzing module pro_1_design
INFO: [VRFC 10-2263] Analyzing Verilog file "C:/Users/Winter/Desktop/vivado/Exercise/project_1/pro_1_tb.v" into library xil_defaultlib
INFO: [VRFC 10-311] analyzing module pro_1_tb
INFO: [USF-XSim-69] 'compile' step finished in '1' seconds
INFO: [USF-XSim-3] XSim::Elaborate design
INFO: [USF-XSim-61] Executing 'ELABORATE' step in 'C:/Users/Winter/Desktop/vivado/Exercise/project_1/project_1.sim/sim_1/behav/xsim'
"xelab -wto c8d4ce05b3b845fb900a7d40ffb67072 --incr --debug typical --relax --mt 2 -L xil_defaultlib -L unisims_ver -L unimacro_ver -L secureip --snapshot pro_1_tb_behav xil_defaultlib.pro_1_tb xil_defaultlib.glbl -log elaborate.log"
Vivado Simulator 2019.1
Copyright 1986-1999, 2001-2019 Xilinx, Inc. All Rights Reserved.
Running: D:/Software/Xilinx/Vivado/2019.1/bin/unwrapped/win64.o/xelab.exe -wto c8d4ce05b3b845fb900a7d40ffb67072 --incr --debug typical --relax --mt 2 -L xil_defaultlib -L unisims_ver -L unimacro_ver -L secureip --snapshot pro_1_tb_behav xil_defaultlib.pro_1_tb xil_defaultlib.glbl -log elaborate.log 
Using 2 slave threads.
Starting static elaboration
Completed static elaboration
Starting simulation data flow analysis
Completed simulation data flow analysis
Time Resolution for simulation is 1ps
Compiling module xil_defaultlib.pro_1_design
Compiling module xil_defaultlib.pro_1_tb
Compiling module xil_defaultlib.glbl
Built simulation snapshot pro_1_tb_behav

****** Webtalk v2019.1 (64-bit)
  **** SW Build 2552052 on Fri May 24 14:49:42 MDT 2019
  **** IP Build 2548770 on Fri May 24 18:01:18 MDT 2019
    ** Copyright 1986-2019 Xilinx, Inc. All Rights Reserved.

source C:/Users/Winter/Desktop/vivado/Exercise/project_1/project_1.sim/sim_1/behav/xsim/xsim.dir/pro_1_tb_behav/webtalk/xsim_webtalk.tcl -notrace
INFO: [Common 17-186] 'C:/Users/Winter/Desktop/vivado/Exercise/project_1/project_1.sim/sim_1/behav/xsim/xsim.dir/pro_1_tb_behav/webtalk/usage_statistics_ext_xsim.xml' has been successfully sent to Xilinx on Tue Oct  4 23:03:30 2022. For additional details about this file, please refer to the WebTalk help file at D:/Software/Xilinx/Vivado/2019.1/doc/webtalk_introduction.html.
INFO: [Common 17-206] Exiting Webtalk at Tue Oct  4 23:03:30 2022...
INFO: [USF-XSim-69] 'elaborate' step finished in '4' seconds
INFO: [USF-XSim-4] XSim::Simulate design
INFO: [USF-XSim-61] Executing 'SIMULATE' step in 'C:/Users/Winter/Desktop/vivado/Exercise/project_1/project_1.sim/sim_1/behav/xsim'
INFO: [USF-XSim-98] *** Running xsim
   with args "pro_1_tb_behav -key {Behavioral:sim_1:Functional:pro_1_tb} -tclbatch {pro_1_tb.tcl} -log {simulate.log}"
INFO: [USF-XSim-8] Loading simulator feature
Vivado Simulator 2019.1
Time resolution is 1 ps
source pro_1_tb.tcl
# set curr_wave [current_wave_config]
# if { [string length $curr_wave] == 0 } {
#   if { [llength [get_objects]] > 0} {
#     add_wave /
#     set_property needs_save false [current_wave_config]
#   } else {
#      send_msg_id Add_Wave-1 WARNING "No top level signals found. Simulator will start without a wave window. If you want to open a wave window go to 'File->New Waveform Configuration' or type 'create_wave_config' in the TCL console."
#   }
# }
# run 1000ns
$finish called at time : 260 ns : File "C:/Users/Winter/Desktop/vivado/Exercise/project_1/pro_1_tb.v" Line 10
INFO: [USF-XSim-96] XSim completed. Design snapshot 'pro_1_tb_behav' loaded.
INFO: [USF-XSim-97] XSim simulation ran for 1000ns
launch_simulation: Time (s): cpu = 00:00:04 ; elapsed = 00:00:08 . Memory (MB): peak = 932.887 ; gain = 0.000
close_sim
INFO: [Simtcl 6-16] Simulation closed
close_sim: Time (s): cpu = 00:00:01 ; elapsed = 00:00:05 . Memory (MB): peak = 932.887 ; gain = 0.000
launch_simulation
INFO: [Vivado 12-5682] Launching behavioral simulation in 'C:/Users/Winter/Desktop/vivado/Exercise/project_1/project_1.sim/sim_1/behav/xsim'
INFO: [SIM-utils-51] Simulation object is 'sim_1'
INFO: [SIM-utils-54] Inspecting design source files for 'pro_1_tb' in fileset 'sim_1'...
INFO: [USF-XSim-97] Finding global include files...
INFO: [USF-XSim-98] Fetching design files from 'sim_1'...
INFO: [USF-XSim-2] XSim::Compile design
INFO: [USF-XSim-61] Executing 'COMPILE and ANALYZE' step in 'C:/Users/Winter/Desktop/vivado/Exercise/project_1/project_1.sim/sim_1/behav/xsim'
"xvlog --incr --relax -prj pro_1_tb_vlog.prj"
INFO: [VRFC 10-2263] Analyzing Verilog file "C:/Users/Winter/Desktop/vivado/Exercise/project_1/project_1.srcs/sources_1/new/pro_1_design.v" into library xil_defaultlib
INFO: [VRFC 10-311] analyzing module pro_1_design
INFO: [VRFC 10-2263] Analyzing Verilog file "C:/Users/Winter/Desktop/vivado/Exercise/project_1/pro_1_tb.v" into library xil_defaultlib
INFO: [VRFC 10-311] analyzing module pro_1_tb
INFO: [USF-XSim-69] 'compile' step finished in '1' seconds
INFO: [USF-XSim-3] XSim::Elaborate design
INFO: [USF-XSim-61] Executing 'ELABORATE' step in 'C:/Users/Winter/Desktop/vivado/Exercise/project_1/project_1.sim/sim_1/behav/xsim'
"xelab -wto c8d4ce05b3b845fb900a7d40ffb67072 --incr --debug typical --relax --mt 2 -L xil_defaultlib -L unisims_ver -L unimacro_ver -L secureip --snapshot pro_1_tb_behav xil_defaultlib.pro_1_tb xil_defaultlib.glbl -log elaborate.log"
Vivado Simulator 2019.1
Copyright 1986-1999, 2001-2019 Xilinx, Inc. All Rights Reserved.
Running: D:/Software/Xilinx/Vivado/2019.1/bin/unwrapped/win64.o/xelab.exe -wto c8d4ce05b3b845fb900a7d40ffb67072 --incr --debug typical --relax --mt 2 -L xil_defaultlib -L unisims_ver -L unimacro_ver -L secureip --snapshot pro_1_tb_behav xil_defaultlib.pro_1_tb xil_defaultlib.glbl -log elaborate.log 
Using 2 slave threads.
Starting static elaboration
Completed static elaboration
Starting simulation data flow analysis
Completed simulation data flow analysis
Time Resolution for simulation is 1ps
Compiling module xil_defaultlib.pro_1_design
Compiling module xil_defaultlib.pro_1_tb
Compiling module xil_defaultlib.glbl
Built simulation snapshot pro_1_tb_behav
INFO: [USF-XSim-69] 'elaborate' step finished in '1' seconds
INFO: [USF-XSim-4] XSim::Simulate design
INFO: [USF-XSim-61] Executing 'SIMULATE' step in 'C:/Users/Winter/Desktop/vivado/Exercise/project_1/project_1.sim/sim_1/behav/xsim'
INFO: [USF-XSim-98] *** Running xsim
   with args "pro_1_tb_behav -key {Behavioral:sim_1:Functional:pro_1_tb} -tclbatch {pro_1_tb.tcl} -log {simulate.log}"
INFO: [USF-XSim-8] Loading simulator feature
Vivado Simulator 2019.1
Time resolution is 1 ps
source pro_1_tb.tcl
# set curr_wave [current_wave_config]
# if { [string length $curr_wave] == 0 } {
#   if { [llength [get_objects]] > 0} {
#     add_wave /
#     set_property needs_save false [current_wave_config]
#   } else {
#      send_msg_id Add_Wave-1 WARNING "No top level signals found. Simulator will start without a wave window. If you want to open a wave window go to 'File->New Waveform Configuration' or type 'create_wave_config' in the TCL console."
#   }
# }
# run 1000ns
$finish called at time : 260 ns : File "C:/Users/Winter/Desktop/vivado/Exercise/project_1/pro_1_tb.v" Line 10
INFO: [USF-XSim-96] XSim completed. Design snapshot 'pro_1_tb_behav' loaded.
INFO: [USF-XSim-97] XSim simulation ran for 1000ns
close_sim
INFO: [Simtcl 6-16] Simulation closed
launch_simulation
INFO: [Vivado 12-5682] Launching behavioral simulation in 'C:/Users/Winter/Desktop/vivado/Exercise/project_1/project_1.sim/sim_1/behav/xsim'
INFO: [SIM-utils-51] Simulation object is 'sim_1'
INFO: [SIM-utils-54] Inspecting design source files for 'pro_1_tb' in fileset 'sim_1'...
INFO: [USF-XSim-97] Finding global include files...
INFO: [USF-XSim-98] Fetching design files from 'sim_1'...
INFO: [USF-XSim-2] XSim::Compile design
INFO: [USF-XSim-61] Executing 'COMPILE and ANALYZE' step in 'C:/Users/Winter/Desktop/vivado/Exercise/project_1/project_1.sim/sim_1/behav/xsim'
"xvlog --incr --relax -prj pro_1_tb_vlog.prj"
INFO: [VRFC 10-2263] Analyzing Verilog file "C:/Users/Winter/Desktop/vivado/Exercise/project_1/project_1.srcs/sources_1/new/pro_1_design.v" into library xil_defaultlib
INFO: [VRFC 10-311] analyzing module pro_1_design
INFO: [VRFC 10-2263] Analyzing Verilog file "C:/Users/Winter/Desktop/vivado/Exercise/project_1/pro_1_tb.v" into library xil_defaultlib
INFO: [VRFC 10-311] analyzing module pro_1_tb
INFO: [USF-XSim-69] 'compile' step finished in '1' seconds
INFO: [USF-XSim-3] XSim::Elaborate design
INFO: [USF-XSim-61] Executing 'ELABORATE' step in 'C:/Users/Winter/Desktop/vivado/Exercise/project_1/project_1.sim/sim_1/behav/xsim'
"xelab -wto c8d4ce05b3b845fb900a7d40ffb67072 --incr --debug typical --relax --mt 2 -L xil_defaultlib -L unisims_ver -L unimacro_ver -L secureip --snapshot pro_1_tb_behav xil_defaultlib.pro_1_tb xil_defaultlib.glbl -log elaborate.log"
Vivado Simulator 2019.1
Copyright 1986-1999, 2001-2019 Xilinx, Inc. All Rights Reserved.
Running: D:/Software/Xilinx/Vivado/2019.1/bin/unwrapped/win64.o/xelab.exe -wto c8d4ce05b3b845fb900a7d40ffb67072 --incr --debug typical --relax --mt 2 -L xil_defaultlib -L unisims_ver -L unimacro_ver -L secureip --snapshot pro_1_tb_behav xil_defaultlib.pro_1_tb xil_defaultlib.glbl -log elaborate.log 
Using 2 slave threads.
Starting static elaboration
Completed static elaboration
Starting simulation data flow analysis
Completed simulation data flow analysis
Time Resolution for simulation is 1ps
Compiling module xil_defaultlib.pro_1_design
Compiling module xil_defaultlib.pro_1_tb
Compiling module xil_defaultlib.glbl
Built simulation snapshot pro_1_tb_behav
INFO: [USF-XSim-69] 'elaborate' step finished in '1' seconds
INFO: [USF-XSim-4] XSim::Simulate design
INFO: [USF-XSim-61] Executing 'SIMULATE' step in 'C:/Users/Winter/Desktop/vivado/Exercise/project_1/project_1.sim/sim_1/behav/xsim'
INFO: [USF-XSim-98] *** Running xsim
   with args "pro_1_tb_behav -key {Behavioral:sim_1:Functional:pro_1_tb} -tclbatch {pro_1_tb.tcl} -log {simulate.log}"
INFO: [USF-XSim-8] Loading simulator feature
Vivado Simulator 2019.1
Time resolution is 1 ps
source pro_1_tb.tcl
# set curr_wave [current_wave_config]
# if { [string length $curr_wave] == 0 } {
#   if { [llength [get_objects]] > 0} {
#     add_wave /
#     set_property needs_save false [current_wave_config]
#   } else {
#      send_msg_id Add_Wave-1 WARNING "No top level signals found. Simulator will start without a wave window. If you want to open a wave window go to 'File->New Waveform Configuration' or type 'create_wave_config' in the TCL console."
#   }
# }
# run 1000ns
$finish called at time : 260 ns : File "C:/Users/Winter/Desktop/vivado/Exercise/project_1/pro_1_tb.v" Line 10
INFO: [USF-XSim-96] XSim completed. Design snapshot 'pro_1_tb_behav' loaded.
INFO: [USF-XSim-97] XSim simulation ran for 1000ns
close_sim
INFO: [Simtcl 6-16] Simulation closed
exit
INFO: [Common 17-206] Exiting Vivado at Tue Oct  4 23:11:23 2022...
