#-----------------------------------------------------------
# Vivado v2019.1 (64-bit)
# SW Build 2552052 on Fri May 24 14:49:42 MDT 2019
# IP Build 2548770 on Fri May 24 18:01:18 MDT 2019
# Start of session at: Fri Oct 21 22:01:23 2022
# Process ID: 4544
# Current directory: C:/Users/Winter/Desktop/vivado/Homework/Week7/Drink_machine
# Command line: vivado.exe -gui_launcher_event rodinguilauncherevent6796 C:\Users\Winter\Desktop\vivado\Homework\Week7\Drink_machine\Drink_machine.xpr
# Log file: C:/Users/Winter/Desktop/vivado/Homework/Week7/Drink_machine/vivado.log
# Journal file: C:/Users/Winter/Desktop/vivado/Homework/Week7/Drink_machine\vivado.jou
#-----------------------------------------------------------
start_gui
open_project C:/Users/Winter/Desktop/vivado/Homework/Week7/Drink_machine/Drink_machine.xpr
Scanning sources...
Finished scanning sources
INFO: [IP_Flow 19-234] Refreshing IP repositories
INFO: [IP_Flow 19-1704] No user IP repositories specified
INFO: [IP_Flow 19-2313] Loaded Vivado IP repository 'D:/Software/Xilinx/Vivado/2019.1/data/ip'.
update_compile_order -fileset sources_1
reset_run synth_1
launch_runs impl_1 -to_step write_bitstream -jobs 4
[Fri Oct 21 22:01:37 2022] Launched synth_1...
Run output will be captured here: C:/Users/Winter/Desktop/vivado/Homework/Week7/Drink_machine/Drink_machine.runs/synth_1/runme.log
[Fri Oct 21 22:01:37 2022] Launched impl_1...
Run output will be captured here: C:/Users/Winter/Desktop/vivado/Homework/Week7/Drink_machine/Drink_machine.runs/impl_1/runme.log
open_hw
connect_hw_server
INFO: [Labtools 27-2285] Connecting to hw_server url TCP:localhost:3121
INFO: [Labtools 27-2222] Launching hw_server...
INFO: [Labtools 27-2221] Launch Output:

****** Xilinx hw_server v2019.1
  **** Build date : May 24 2019 at 15:13:31
    ** Copyright 1986-2019 Xilinx, Inc. All Rights Reserved.


open_hw_target
INFO: [Labtoolstcl 44-466] Opening hw_target localhost:3121/xilinx_tcf/Digilent/210183ACAB2FA
set_property PROGRAM.FILE {C:/Users/Winter/Desktop/vivado/Homework/Week7/Drink_machine/Drink_machine.runs/impl_1/Drink_machine_top.bit} [get_hw_devices xc7a35t_0]
current_hw_device [get_hw_devices xc7a35t_0]
refresh_hw_device -update_hw_probes false [lindex [get_hw_devices xc7a35t_0] 0]
INFO: [Labtools 27-1434] Device xc7a35t (JTAG device index = 0) is programmed with a design that has no supported debug core(s) in it.
update_compile_order -fileset sources_1
update_compile_order -fileset sources_1
update_compile_order -fileset sources_1
update_compile_order -fileset sources_1
update_compile_order -fileset sources_1
update_compile_order -fileset sources_1
update_compile_order -fileset sources_1
update_compile_order -fileset sources_1
close_hw
reset_run synth_1
launch_runs impl_1 -to_step write_bitstream -jobs 4
[Fri Oct 21 22:18:41 2022] Launched synth_1...
Run output will be captured here: C:/Users/Winter/Desktop/vivado/Homework/Week7/Drink_machine/Drink_machine.runs/synth_1/runme.log
[Fri Oct 21 22:18:41 2022] Launched impl_1...
Run output will be captured here: C:/Users/Winter/Desktop/vivado/Homework/Week7/Drink_machine/Drink_machine.runs/impl_1/runme.log
reset_run synth_1
launch_runs impl_1 -to_step write_bitstream -jobs 4
[Fri Oct 21 22:20:52 2022] Launched synth_1...
Run output will be captured here: C:/Users/Winter/Desktop/vivado/Homework/Week7/Drink_machine/Drink_machine.runs/synth_1/runme.log
[Fri Oct 21 22:20:52 2022] Launched impl_1...
Run output will be captured here: C:/Users/Winter/Desktop/vivado/Homework/Week7/Drink_machine/Drink_machine.runs/impl_1/runme.log
open_hw
connect_hw_server
INFO: [Labtools 27-2285] Connecting to hw_server url TCP:localhost:3121
INFO: [Labtools 27-2222] Launching hw_server...
INFO: [Labtools 27-2221] Launch Output:

****** Xilinx hw_server v2019.1
  **** Build date : May 24 2019 at 15:13:31
    ** Copyright 1986-2019 Xilinx, Inc. All Rights Reserved.


open_hw_target
INFO: [Labtoolstcl 44-466] Opening hw_target localhost:3121/xilinx_tcf/Digilent/210183ACAB2FA
set_property PROGRAM.FILE {C:/Users/Winter/Desktop/vivado/Homework/Week7/Drink_machine/Drink_machine.runs/impl_1/Drink_machine_top.bit} [get_hw_devices xc7a35t_0]
current_hw_device [get_hw_devices xc7a35t_0]
refresh_hw_device -update_hw_probes false [lindex [get_hw_devices xc7a35t_0] 0]
INFO: [Labtools 27-1434] Device xc7a35t (JTAG device index = 0) is programmed with a design that has no supported debug core(s) in it.
set_property PROBES.FILE {} [get_hw_devices xc7a35t_0]
set_property FULL_PROBES.FILE {} [get_hw_devices xc7a35t_0]
set_property PROGRAM.FILE {C:/Users/Winter/Desktop/vivado/Homework/Week7/Drink_machine/Drink_machine.runs/impl_1/Drink_machine_top.bit} [get_hw_devices xc7a35t_0]
program_hw_devices [get_hw_devices xc7a35t_0]
INFO: [Labtools 27-3164] End of startup status: HIGH
refresh_hw_device [lindex [get_hw_devices xc7a35t_0] 0]
INFO: [Labtools 27-1434] Device xc7a35t (JTAG device index = 0) is programmed with a design that has no supported debug core(s) in it.
close_hw
reset_run synth_1
launch_runs impl_1 -to_step write_bitstream -jobs 4
[Fri Oct 21 22:23:24 2022] Launched synth_1...
Run output will be captured here: C:/Users/Winter/Desktop/vivado/Homework/Week7/Drink_machine/Drink_machine.runs/synth_1/runme.log
[Fri Oct 21 22:23:24 2022] Launched impl_1...
Run output will be captured here: C:/Users/Winter/Desktop/vivado/Homework/Week7/Drink_machine/Drink_machine.runs/impl_1/runme.log
open_hw
connect_hw_server
INFO: [Labtools 27-2285] Connecting to hw_server url TCP:localhost:3121
INFO: [Labtools 27-2222] Launching hw_server...
INFO: [Labtools 27-2221] Launch Output:

****** Xilinx hw_server v2019.1
  **** Build date : May 24 2019 at 15:13:31
    ** Copyright 1986-2019 Xilinx, Inc. All Rights Reserved.


open_hw_target
INFO: [Labtoolstcl 44-466] Opening hw_target localhost:3121/xilinx_tcf/Digilent/210183ACAB2FA
set_property PROGRAM.FILE {C:/Users/Winter/Desktop/vivado/Homework/Week7/Drink_machine/Drink_machine.runs/impl_1/Drink_machine_top.bit} [get_hw_devices xc7a35t_0]
current_hw_device [get_hw_devices xc7a35t_0]
refresh_hw_device -update_hw_probes false [lindex [get_hw_devices xc7a35t_0] 0]
INFO: [Labtools 27-1434] Device xc7a35t (JTAG device index = 0) is programmed with a design that has no supported debug core(s) in it.
set_property PROBES.FILE {} [get_hw_devices xc7a35t_0]
set_property FULL_PROBES.FILE {} [get_hw_devices xc7a35t_0]
set_property PROGRAM.FILE {C:/Users/Winter/Desktop/vivado/Homework/Week7/Drink_machine/Drink_machine.runs/impl_1/Drink_machine_top.bit} [get_hw_devices xc7a35t_0]
program_hw_devices [get_hw_devices xc7a35t_0]
INFO: [Labtools 27-3164] End of startup status: HIGH
refresh_hw_device [lindex [get_hw_devices xc7a35t_0] 0]
INFO: [Labtools 27-1434] Device xc7a35t (JTAG device index = 0) is programmed with a design that has no supported debug core(s) in it.
close_hw
reset_run synth_1
launch_runs impl_1 -to_step write_bitstream -jobs 4
[Fri Oct 21 22:29:43 2022] Launched synth_1...
Run output will be captured here: C:/Users/Winter/Desktop/vivado/Homework/Week7/Drink_machine/Drink_machine.runs/synth_1/runme.log
[Fri Oct 21 22:29:43 2022] Launched impl_1...
Run output will be captured here: C:/Users/Winter/Desktop/vivado/Homework/Week7/Drink_machine/Drink_machine.runs/impl_1/runme.log
open_hw
connect_hw_server
INFO: [Labtools 27-2285] Connecting to hw_server url TCP:localhost:3121
INFO: [Labtools 27-2222] Launching hw_server...
INFO: [Labtools 27-2221] Launch Output:

****** Xilinx hw_server v2019.1
  **** Build date : May 24 2019 at 15:13:31
    ** Copyright 1986-2019 Xilinx, Inc. All Rights Reserved.


open_hw_target
INFO: [Labtoolstcl 44-466] Opening hw_target localhost:3121/xilinx_tcf/Digilent/210183ACAB2FA
set_property PROGRAM.FILE {C:/Users/Winter/Desktop/vivado/Homework/Week7/Drink_machine/Drink_machine.runs/impl_1/Drink_machine_top.bit} [get_hw_devices xc7a35t_0]
current_hw_device [get_hw_devices xc7a35t_0]
refresh_hw_device -update_hw_probes false [lindex [get_hw_devices xc7a35t_0] 0]
INFO: [Labtools 27-1434] Device xc7a35t (JTAG device index = 0) is programmed with a design that has no supported debug core(s) in it.
set_property PROBES.FILE {} [get_hw_devices xc7a35t_0]
set_property FULL_PROBES.FILE {} [get_hw_devices xc7a35t_0]
set_property PROGRAM.FILE {C:/Users/Winter/Desktop/vivado/Homework/Week7/Drink_machine/Drink_machine.runs/impl_1/Drink_machine_top.bit} [get_hw_devices xc7a35t_0]
program_hw_devices [get_hw_devices xc7a35t_0]
INFO: [Labtools 27-3164] End of startup status: HIGH
refresh_hw_device [lindex [get_hw_devices xc7a35t_0] 0]
INFO: [Labtools 27-1434] Device xc7a35t (JTAG device index = 0) is programmed with a design that has no supported debug core(s) in it.
update_compile_order -fileset sources_1
update_compile_order -fileset sources_1
close_hw
reset_run synth_1
launch_runs impl_1 -to_step write_bitstream -jobs 4
[Fri Oct 21 22:43:40 2022] Launched synth_1...
Run output will be captured here: C:/Users/Winter/Desktop/vivado/Homework/Week7/Drink_machine/Drink_machine.runs/synth_1/runme.log
[Fri Oct 21 22:43:40 2022] Launched impl_1...
Run output will be captured here: C:/Users/Winter/Desktop/vivado/Homework/Week7/Drink_machine/Drink_machine.runs/impl_1/runme.log
open_hw
connect_hw_server
INFO: [Labtools 27-2285] Connecting to hw_server url TCP:localhost:3121
INFO: [Labtools 27-2222] Launching hw_server...
INFO: [Labtools 27-2221] Launch Output:

****** Xilinx hw_server v2019.1
  **** Build date : May 24 2019 at 15:13:31
    ** Copyright 1986-2019 Xilinx, Inc. All Rights Reserved.


open_hw_target
INFO: [Labtoolstcl 44-466] Opening hw_target localhost:3121/xilinx_tcf/Digilent/210183ACAB2FA
set_property PROGRAM.FILE {C:/Users/Winter/Desktop/vivado/Homework/Week7/Drink_machine/Drink_machine.runs/impl_1/Drink_machine_top.bit} [get_hw_devices xc7a35t_0]
current_hw_device [get_hw_devices xc7a35t_0]
refresh_hw_device -update_hw_probes false [lindex [get_hw_devices xc7a35t_0] 0]
INFO: [Labtools 27-1434] Device xc7a35t (JTAG device index = 0) is programmed with a design that has no supported debug core(s) in it.
set_property PROBES.FILE {} [get_hw_devices xc7a35t_0]
set_property FULL_PROBES.FILE {} [get_hw_devices xc7a35t_0]
set_property PROGRAM.FILE {C:/Users/Winter/Desktop/vivado/Homework/Week7/Drink_machine/Drink_machine.runs/impl_1/Drink_machine_top.bit} [get_hw_devices xc7a35t_0]
program_hw_devices [get_hw_devices xc7a35t_0]
INFO: [Labtools 27-3164] End of startup status: HIGH
refresh_hw_device [lindex [get_hw_devices xc7a35t_0] 0]
INFO: [Labtools 27-1434] Device xc7a35t (JTAG device index = 0) is programmed with a design that has no supported debug core(s) in it.
update_compile_order -fileset sources_1
update_compile_order -fileset sources_1
update_compile_order -fileset sources_1
update_compile_order -fileset sources_1
update_compile_order -fileset sources_1
update_compile_order -fileset sources_1
update_compile_order -fileset sources_1
update_compile_order -fileset sources_1
update_compile_order -fileset sources_1
close_hw
add_files -norecurse C:/Users/Winter/Desktop/vivado/Homework/Week7/Code/Clk_div2.v
update_compile_order -fileset sources_1
export_ip_user_files -of_objects  [get_files C:/Users/Winter/Desktop/vivado/Homework/Week7/Code/Clk_div.v] -no_script -reset -force -quiet
remove_files  C:/Users/Winter/Desktop/vivado/Homework/Week7/Code/Clk_div.v
reset_run synth_1
launch_runs impl_1 -to_step write_bitstream -jobs 4
[Fri Oct 21 23:22:32 2022] Launched synth_1...
Run output will be captured here: C:/Users/Winter/Desktop/vivado/Homework/Week7/Drink_machine/Drink_machine.runs/synth_1/runme.log
[Fri Oct 21 23:22:32 2022] Launched impl_1...
Run output will be captured here: C:/Users/Winter/Desktop/vivado/Homework/Week7/Drink_machine/Drink_machine.runs/impl_1/runme.log
reset_run synth_1
update_compile_order -fileset sources_1
update_compile_order -fileset sources_1
launch_runs impl_1 -to_step write_bitstream -jobs 4
[Fri Oct 21 23:23:38 2022] Launched synth_1...
Run output will be captured here: C:/Users/Winter/Desktop/vivado/Homework/Week7/Drink_machine/Drink_machine.runs/synth_1/runme.log
[Fri Oct 21 23:23:38 2022] Launched impl_1...
Run output will be captured here: C:/Users/Winter/Desktop/vivado/Homework/Week7/Drink_machine/Drink_machine.runs/impl_1/runme.log
reset_run impl_1 -prev_step 
update_compile_order -fileset sources_1
add_files -norecurse C:/Users/Winter/Desktop/vivado/Homework/Week7/Code/Clk_div.v
export_ip_user_files -of_objects  [get_files C:/Users/Winter/Desktop/vivado/Homework/Week7/Code/Clk_div2.v] -no_script -reset -force -quiet
remove_files  C:/Users/Winter/Desktop/vivado/Homework/Week7/Code/Clk_div2.v
update_compile_order -fileset sources_1
reset_run synth_1
launch_runs impl_1 -to_step write_bitstream -jobs 4
[Fri Oct 21 23:29:05 2022] Launched synth_1...
Run output will be captured here: C:/Users/Winter/Desktop/vivado/Homework/Week7/Drink_machine/Drink_machine.runs/synth_1/runme.log
[Fri Oct 21 23:29:05 2022] Launched impl_1...
Run output will be captured here: C:/Users/Winter/Desktop/vivado/Homework/Week7/Drink_machine/Drink_machine.runs/impl_1/runme.log
open_hw
connect_hw_server
INFO: [Labtools 27-2285] Connecting to hw_server url TCP:localhost:3121
INFO: [Labtools 27-2222] Launching hw_server...
INFO: [Labtools 27-2221] Launch Output:

****** Xilinx hw_server v2019.1
  **** Build date : May 24 2019 at 15:13:31
    ** Copyright 1986-2019 Xilinx, Inc. All Rights Reserved.


open_hw_target
INFO: [Labtoolstcl 44-466] Opening hw_target localhost:3121/xilinx_tcf/Digilent/210183ACAB2FA
set_property PROGRAM.FILE {C:/Users/Winter/Desktop/vivado/Homework/Week7/Drink_machine/Drink_machine.runs/impl_1/Drink_machine_top.bit} [get_hw_devices xc7a35t_0]
current_hw_device [get_hw_devices xc7a35t_0]
refresh_hw_device -update_hw_probes false [lindex [get_hw_devices xc7a35t_0] 0]
INFO: [Labtools 27-1434] Device xc7a35t (JTAG device index = 0) is programmed with a design that has no supported debug core(s) in it.
set_property PROBES.FILE {} [get_hw_devices xc7a35t_0]
set_property FULL_PROBES.FILE {} [get_hw_devices xc7a35t_0]
set_property PROGRAM.FILE {C:/Users/Winter/Desktop/vivado/Homework/Week7/Drink_machine/Drink_machine.runs/impl_1/Drink_machine_top.bit} [get_hw_devices xc7a35t_0]
program_hw_devices [get_hw_devices xc7a35t_0]
INFO: [Labtools 27-3164] End of startup status: HIGH
refresh_hw_device [lindex [get_hw_devices xc7a35t_0] 0]
INFO: [Labtools 27-1434] Device xc7a35t (JTAG device index = 0) is programmed with a design that has no supported debug core(s) in it.
reset_run synth_1
launch_runs impl_1 -to_step write_bitstream -jobs 4
[Fri Oct 21 23:31:56 2022] Launched synth_1...
Run output will be captured here: C:/Users/Winter/Desktop/vivado/Homework/Week7/Drink_machine/Drink_machine.runs/synth_1/runme.log
[Fri Oct 21 23:31:56 2022] Launched impl_1...
Run output will be captured here: C:/Users/Winter/Desktop/vivado/Homework/Week7/Drink_machine/Drink_machine.runs/impl_1/runme.log
set_property PROBES.FILE {} [get_hw_devices xc7a35t_0]
set_property FULL_PROBES.FILE {} [get_hw_devices xc7a35t_0]
set_property PROGRAM.FILE {C:/Users/Winter/Desktop/vivado/Homework/Week7/Drink_machine/Drink_machine.runs/impl_1/Drink_machine_top.bit} [get_hw_devices xc7a35t_0]
program_hw_devices [get_hw_devices xc7a35t_0]
INFO: [Labtools 27-3164] End of startup status: HIGH
refresh_hw_device [lindex [get_hw_devices xc7a35t_0] 0]
INFO: [Labtools 27-1434] Device xc7a35t (JTAG device index = 0) is programmed with a design that has no supported debug core(s) in it.
close_hw
reset_run synth_1
launch_runs impl_1 -to_step write_bitstream -jobs 4
[Fri Oct 21 23:34:28 2022] Launched synth_1...
Run output will be captured here: C:/Users/Winter/Desktop/vivado/Homework/Week7/Drink_machine/Drink_machine.runs/synth_1/runme.log
[Fri Oct 21 23:34:28 2022] Launched impl_1...
Run output will be captured here: C:/Users/Winter/Desktop/vivado/Homework/Week7/Drink_machine/Drink_machine.runs/impl_1/runme.log
open_hw
reset_run impl_1 -prev_step 
launch_runs impl_1 -to_step write_bitstream -jobs 4
[Fri Oct 21 23:36:25 2022] Launched impl_1...
Run output will be captured here: C:/Users/Winter/Desktop/vivado/Homework/Week7/Drink_machine/Drink_machine.runs/impl_1/runme.log
connect_hw_server
INFO: [Labtools 27-2285] Connecting to hw_server url TCP:localhost:3121
INFO: [Labtools 27-2222] Launching hw_server...
INFO: [Labtools 27-2221] Launch Output:

****** Xilinx hw_server v2019.1
  **** Build date : May 24 2019 at 15:13:31
    ** Copyright 1986-2019 Xilinx, Inc. All Rights Reserved.


open_hw_target
INFO: [Labtoolstcl 44-466] Opening hw_target localhost:3121/xilinx_tcf/Digilent/210183ACAB2FA
current_hw_device [get_hw_devices xc7a35t_0]
refresh_hw_device -update_hw_probes false [lindex [get_hw_devices xc7a35t_0] 0]
INFO: [Labtools 27-1434] Device xc7a35t (JTAG device index = 0) is programmed with a design that has no supported debug core(s) in it.
set_property PROBES.FILE {} [get_hw_devices xc7a35t_0]
set_property FULL_PROBES.FILE {} [get_hw_devices xc7a35t_0]
set_property PROGRAM.FILE {C:/Users/Winter/Desktop/vivado/Homework/Week7/Drink_machine/Drink_machine.runs/impl_1/Drink_machine_top.bit} [get_hw_devices xc7a35t_0]
program_hw_devices [get_hw_devices xc7a35t_0]
INFO: [Labtools 27-3164] End of startup status: HIGH
refresh_hw_device [lindex [get_hw_devices xc7a35t_0] 0]
INFO: [Labtools 27-1434] Device xc7a35t (JTAG device index = 0) is programmed with a design that has no supported debug core(s) in it.
update_compile_order -fileset sources_1
update_compile_order -fileset sources_1
close_hw
reset_run synth_1
launch_runs impl_1 -to_step write_bitstream -jobs 4
[Fri Oct 21 23:44:45 2022] Launched synth_1...
Run output will be captured here: C:/Users/Winter/Desktop/vivado/Homework/Week7/Drink_machine/Drink_machine.runs/synth_1/runme.log
[Fri Oct 21 23:44:45 2022] Launched impl_1...
Run output will be captured here: C:/Users/Winter/Desktop/vivado/Homework/Week7/Drink_machine/Drink_machine.runs/impl_1/runme.log
update_compile_order -fileset sources_1
update_compile_order -fileset sources_1
reset_run synth_1
launch_runs impl_1 -to_step write_bitstream -jobs 4
[Fri Oct 21 23:51:15 2022] Launched synth_1...
Run output will be captured here: C:/Users/Winter/Desktop/vivado/Homework/Week7/Drink_machine/Drink_machine.runs/synth_1/runme.log
[Fri Oct 21 23:51:15 2022] Launched impl_1...
Run output will be captured here: C:/Users/Winter/Desktop/vivado/Homework/Week7/Drink_machine/Drink_machine.runs/impl_1/runme.log
open_hw
connect_hw_server
INFO: [Labtools 27-2285] Connecting to hw_server url TCP:localhost:3121
INFO: [Labtools 27-2222] Launching hw_server...
INFO: [Labtools 27-2221] Launch Output:

****** Xilinx hw_server v2019.1
  **** Build date : May 24 2019 at 15:13:31
    ** Copyright 1986-2019 Xilinx, Inc. All Rights Reserved.


open_hw_target
INFO: [Labtoolstcl 44-466] Opening hw_target localhost:3121/xilinx_tcf/Digilent/210183ACAB2FA
set_property PROGRAM.FILE {C:/Users/Winter/Desktop/vivado/Homework/Week7/Drink_machine/Drink_machine.runs/impl_1/Drink_machine_top.bit} [get_hw_devices xc7a35t_0]
current_hw_device [get_hw_devices xc7a35t_0]
refresh_hw_device -update_hw_probes false [lindex [get_hw_devices xc7a35t_0] 0]
INFO: [Labtools 27-1434] Device xc7a35t (JTAG device index = 0) is programmed with a design that has no supported debug core(s) in it.
set_property PROBES.FILE {} [get_hw_devices xc7a35t_0]
set_property FULL_PROBES.FILE {} [get_hw_devices xc7a35t_0]
set_property PROGRAM.FILE {C:/Users/Winter/Desktop/vivado/Homework/Week7/Drink_machine/Drink_machine.runs/impl_1/Drink_machine_top.bit} [get_hw_devices xc7a35t_0]
program_hw_devices [get_hw_devices xc7a35t_0]
INFO: [Labtools 27-3164] End of startup status: HIGH
refresh_hw_device [lindex [get_hw_devices xc7a35t_0] 0]
INFO: [Labtools 27-1434] Device xc7a35t (JTAG device index = 0) is programmed with a design that has no supported debug core(s) in it.
reset_run synth_1
close_hw
launch_runs impl_1 -to_step write_bitstream -jobs 4
[Fri Oct 21 23:56:30 2022] Launched synth_1...
Run output will be captured here: C:/Users/Winter/Desktop/vivado/Homework/Week7/Drink_machine/Drink_machine.runs/synth_1/runme.log
[Fri Oct 21 23:56:30 2022] Launched impl_1...
Run output will be captured here: C:/Users/Winter/Desktop/vivado/Homework/Week7/Drink_machine/Drink_machine.runs/impl_1/runme.log
open_hw
connect_hw_server
INFO: [Labtools 27-2285] Connecting to hw_server url TCP:localhost:3121
INFO: [Labtools 27-2222] Launching hw_server...
INFO: [Labtools 27-2221] Launch Output:

****** Xilinx hw_server v2019.1
  **** Build date : May 24 2019 at 15:13:31
    ** Copyright 1986-2019 Xilinx, Inc. All Rights Reserved.


open_hw_target
INFO: [Labtoolstcl 44-466] Opening hw_target localhost:3121/xilinx_tcf/Digilent/210183ACAB2FA
set_property PROGRAM.FILE {C:/Users/Winter/Desktop/vivado/Homework/Week7/Drink_machine/Drink_machine.runs/impl_1/Drink_machine_top.bit} [get_hw_devices xc7a35t_0]
current_hw_device [get_hw_devices xc7a35t_0]
refresh_hw_device -update_hw_probes false [lindex [get_hw_devices xc7a35t_0] 0]
INFO: [Labtools 27-1434] Device xc7a35t (JTAG device index = 0) is programmed with a design that has no supported debug core(s) in it.
set_property PROBES.FILE {} [get_hw_devices xc7a35t_0]
set_property FULL_PROBES.FILE {} [get_hw_devices xc7a35t_0]
set_property PROGRAM.FILE {C:/Users/Winter/Desktop/vivado/Homework/Week7/Drink_machine/Drink_machine.runs/impl_1/Drink_machine_top.bit} [get_hw_devices xc7a35t_0]
program_hw_devices [get_hw_devices xc7a35t_0]
INFO: [Labtools 27-3164] End of startup status: HIGH
refresh_hw_device [lindex [get_hw_devices xc7a35t_0] 0]
INFO: [Labtools 27-1434] Device xc7a35t (JTAG device index = 0) is programmed with a design that has no supported debug core(s) in it.
close_hw
reset_run synth_1
launch_runs impl_1 -to_step write_bitstream -jobs 4
[Fri Oct 21 23:58:26 2022] Launched synth_1...
Run output will be captured here: C:/Users/Winter/Desktop/vivado/Homework/Week7/Drink_machine/Drink_machine.runs/synth_1/runme.log
[Fri Oct 21 23:58:26 2022] Launched impl_1...
Run output will be captured here: C:/Users/Winter/Desktop/vivado/Homework/Week7/Drink_machine/Drink_machine.runs/impl_1/runme.log
open_hw
connect_hw_server
INFO: [Labtools 27-2285] Connecting to hw_server url TCP:localhost:3121
INFO: [Labtools 27-2222] Launching hw_server...
INFO: [Labtools 27-2221] Launch Output:

****** Xilinx hw_server v2019.1
  **** Build date : May 24 2019 at 15:13:31
    ** Copyright 1986-2019 Xilinx, Inc. All Rights Reserved.


open_hw_target
INFO: [Labtoolstcl 44-466] Opening hw_target localhost:3121/xilinx_tcf/Digilent/210183ACAB2FA
set_property PROGRAM.FILE {C:/Users/Winter/Desktop/vivado/Homework/Week7/Drink_machine/Drink_machine.runs/impl_1/Drink_machine_top.bit} [get_hw_devices xc7a35t_0]
current_hw_device [get_hw_devices xc7a35t_0]
refresh_hw_device -update_hw_probes false [lindex [get_hw_devices xc7a35t_0] 0]
INFO: [Labtools 27-1434] Device xc7a35t (JTAG device index = 0) is programmed with a design that has no supported debug core(s) in it.
set_property PROBES.FILE {} [get_hw_devices xc7a35t_0]
set_property FULL_PROBES.FILE {} [get_hw_devices xc7a35t_0]
set_property PROGRAM.FILE {C:/Users/Winter/Desktop/vivado/Homework/Week7/Drink_machine/Drink_machine.runs/impl_1/Drink_machine_top.bit} [get_hw_devices xc7a35t_0]
program_hw_devices [get_hw_devices xc7a35t_0]
INFO: [Labtools 27-3164] End of startup status: HIGH
refresh_hw_device [lindex [get_hw_devices xc7a35t_0] 0]
INFO: [Labtools 27-1434] Device xc7a35t (JTAG device index = 0) is programmed with a design that has no supported debug core(s) in it.
close_hw
reset_run synth_1
launch_runs impl_1 -to_step write_bitstream -jobs 4
[Sat Oct 22 00:01:57 2022] Launched synth_1...
Run output will be captured here: C:/Users/Winter/Desktop/vivado/Homework/Week7/Drink_machine/Drink_machine.runs/synth_1/runme.log
[Sat Oct 22 00:01:57 2022] Launched impl_1...
Run output will be captured here: C:/Users/Winter/Desktop/vivado/Homework/Week7/Drink_machine/Drink_machine.runs/impl_1/runme.log
open_hw
connect_hw_server
INFO: [Labtools 27-2285] Connecting to hw_server url TCP:localhost:3121
INFO: [Labtools 27-2222] Launching hw_server...
INFO: [Labtools 27-2221] Launch Output:

****** Xilinx hw_server v2019.1
  **** Build date : May 24 2019 at 15:13:31
    ** Copyright 1986-2019 Xilinx, Inc. All Rights Reserved.


open_hw_target
INFO: [Labtoolstcl 44-466] Opening hw_target localhost:3121/xilinx_tcf/Digilent/210183ACAB2FA
set_property PROGRAM.FILE {C:/Users/Winter/Desktop/vivado/Homework/Week7/Drink_machine/Drink_machine.runs/impl_1/Drink_machine_top.bit} [get_hw_devices xc7a35t_0]
current_hw_device [get_hw_devices xc7a35t_0]
refresh_hw_device -update_hw_probes false [lindex [get_hw_devices xc7a35t_0] 0]
INFO: [Labtools 27-1434] Device xc7a35t (JTAG device index = 0) is programmed with a design that has no supported debug core(s) in it.
set_property PROBES.FILE {} [get_hw_devices xc7a35t_0]
set_property FULL_PROBES.FILE {} [get_hw_devices xc7a35t_0]
set_property PROGRAM.FILE {C:/Users/Winter/Desktop/vivado/Homework/Week7/Drink_machine/Drink_machine.runs/impl_1/Drink_machine_top.bit} [get_hw_devices xc7a35t_0]
program_hw_devices [get_hw_devices xc7a35t_0]
INFO: [Labtools 27-3164] End of startup status: HIGH
refresh_hw_device [lindex [get_hw_devices xc7a35t_0] 0]
INFO: [Labtools 27-1434] Device xc7a35t (JTAG device index = 0) is programmed with a design that has no supported debug core(s) in it.
close_hw
reset_run synth_1
launch_runs impl_1 -to_step write_bitstream -jobs 4
[Sat Oct 22 00:04:36 2022] Launched synth_1...
Run output will be captured here: C:/Users/Winter/Desktop/vivado/Homework/Week7/Drink_machine/Drink_machine.runs/synth_1/runme.log
[Sat Oct 22 00:04:36 2022] Launched impl_1...
Run output will be captured here: C:/Users/Winter/Desktop/vivado/Homework/Week7/Drink_machine/Drink_machine.runs/impl_1/runme.log
open_hw
connect_hw_server
INFO: [Labtools 27-2285] Connecting to hw_server url TCP:localhost:3121
INFO: [Labtools 27-2222] Launching hw_server...
INFO: [Labtools 27-2221] Launch Output:

****** Xilinx hw_server v2019.1
  **** Build date : May 24 2019 at 15:13:31
    ** Copyright 1986-2019 Xilinx, Inc. All Rights Reserved.


open_hw_target
INFO: [Labtoolstcl 44-466] Opening hw_target localhost:3121/xilinx_tcf/Digilent/210183ACAB2FA
set_property PROGRAM.FILE {C:/Users/Winter/Desktop/vivado/Homework/Week7/Drink_machine/Drink_machine.runs/impl_1/Drink_machine_top.bit} [get_hw_devices xc7a35t_0]
current_hw_device [get_hw_devices xc7a35t_0]
refresh_hw_device -update_hw_probes false [lindex [get_hw_devices xc7a35t_0] 0]
INFO: [Labtools 27-1434] Device xc7a35t (JTAG device index = 0) is programmed with a design that has no supported debug core(s) in it.
set_property PROBES.FILE {} [get_hw_devices xc7a35t_0]
set_property FULL_PROBES.FILE {} [get_hw_devices xc7a35t_0]
set_property PROGRAM.FILE {C:/Users/Winter/Desktop/vivado/Homework/Week7/Drink_machine/Drink_machine.runs/impl_1/Drink_machine_top.bit} [get_hw_devices xc7a35t_0]
program_hw_devices [get_hw_devices xc7a35t_0]
INFO: [Labtools 27-3164] End of startup status: HIGH
refresh_hw_device [lindex [get_hw_devices xc7a35t_0] 0]
INFO: [Labtools 27-1434] Device xc7a35t (JTAG device index = 0) is programmed with a design that has no supported debug core(s) in it.
close_hw
reset_run synth_1
launch_runs impl_1 -to_step write_bitstream -jobs 4
[Sat Oct 22 00:11:52 2022] Launched synth_1...
Run output will be captured here: C:/Users/Winter/Desktop/vivado/Homework/Week7/Drink_machine/Drink_machine.runs/synth_1/runme.log
[Sat Oct 22 00:11:52 2022] Launched impl_1...
Run output will be captured here: C:/Users/Winter/Desktop/vivado/Homework/Week7/Drink_machine/Drink_machine.runs/impl_1/runme.log
open_hw
connect_hw_server
INFO: [Labtools 27-2285] Connecting to hw_server url TCP:localhost:3121
INFO: [Labtools 27-2222] Launching hw_server...
INFO: [Labtools 27-2221] Launch Output:

****** Xilinx hw_server v2019.1
  **** Build date : May 24 2019 at 15:13:31
    ** Copyright 1986-2019 Xilinx, Inc. All Rights Reserved.


open_hw_target
INFO: [Labtoolstcl 44-466] Opening hw_target localhost:3121/xilinx_tcf/Digilent/210183ACAB2FA
set_property PROGRAM.FILE {C:/Users/Winter/Desktop/vivado/Homework/Week7/Drink_machine/Drink_machine.runs/impl_1/Drink_machine_top.bit} [get_hw_devices xc7a35t_0]
current_hw_device [get_hw_devices xc7a35t_0]
refresh_hw_device -update_hw_probes false [lindex [get_hw_devices xc7a35t_0] 0]
INFO: [Labtools 27-1434] Device xc7a35t (JTAG device index = 0) is programmed with a design that has no supported debug core(s) in it.
set_property PROBES.FILE {} [get_hw_devices xc7a35t_0]
set_property FULL_PROBES.FILE {} [get_hw_devices xc7a35t_0]
set_property PROGRAM.FILE {C:/Users/Winter/Desktop/vivado/Homework/Week7/Drink_machine/Drink_machine.runs/impl_1/Drink_machine_top.bit} [get_hw_devices xc7a35t_0]
program_hw_devices [get_hw_devices xc7a35t_0]
INFO: [Labtools 27-3164] End of startup status: HIGH
refresh_hw_device [lindex [get_hw_devices xc7a35t_0] 0]
INFO: [Labtools 27-1434] Device xc7a35t (JTAG device index = 0) is programmed with a design that has no supported debug core(s) in it.
close_hw
reset_run synth_1
launch_runs impl_1 -to_step write_bitstream -jobs 4
[Sat Oct 22 00:15:44 2022] Launched synth_1...
Run output will be captured here: C:/Users/Winter/Desktop/vivado/Homework/Week7/Drink_machine/Drink_machine.runs/synth_1/runme.log
[Sat Oct 22 00:15:44 2022] Launched impl_1...
Run output will be captured here: C:/Users/Winter/Desktop/vivado/Homework/Week7/Drink_machine/Drink_machine.runs/impl_1/runme.log
open_hw
connect_hw_server
INFO: [Labtools 27-2285] Connecting to hw_server url TCP:localhost:3121
INFO: [Labtools 27-2222] Launching hw_server...
INFO: [Labtools 27-2221] Launch Output:

****** Xilinx hw_server v2019.1
  **** Build date : May 24 2019 at 15:13:31
    ** Copyright 1986-2019 Xilinx, Inc. All Rights Reserved.


open_hw_target
INFO: [Labtoolstcl 44-466] Opening hw_target localhost:3121/xilinx_tcf/Digilent/210183ACAB2FA
set_property PROGRAM.FILE {C:/Users/Winter/Desktop/vivado/Homework/Week7/Drink_machine/Drink_machine.runs/impl_1/Drink_machine_top.bit} [get_hw_devices xc7a35t_0]
current_hw_device [get_hw_devices xc7a35t_0]
refresh_hw_device -update_hw_probes false [lindex [get_hw_devices xc7a35t_0] 0]
INFO: [Labtools 27-1434] Device xc7a35t (JTAG device index = 0) is programmed with a design that has no supported debug core(s) in it.
set_property PROBES.FILE {} [get_hw_devices xc7a35t_0]
set_property FULL_PROBES.FILE {} [get_hw_devices xc7a35t_0]
set_property PROGRAM.FILE {C:/Users/Winter/Desktop/vivado/Homework/Week7/Drink_machine/Drink_machine.runs/impl_1/Drink_machine_top.bit} [get_hw_devices xc7a35t_0]
program_hw_devices [get_hw_devices xc7a35t_0]
INFO: [Labtools 27-3164] End of startup status: HIGH
refresh_hw_device [lindex [get_hw_devices xc7a35t_0] 0]
INFO: [Labtools 27-1434] Device xc7a35t (JTAG device index = 0) is programmed with a design that has no supported debug core(s) in it.
reset_run synth_1
launch_runs impl_1 -to_step write_bitstream -jobs 4
[Sat Oct 22 00:21:19 2022] Launched synth_1...
Run output will be captured here: C:/Users/Winter/Desktop/vivado/Homework/Week7/Drink_machine/Drink_machine.runs/synth_1/runme.log
[Sat Oct 22 00:21:19 2022] Launched impl_1...
Run output will be captured here: C:/Users/Winter/Desktop/vivado/Homework/Week7/Drink_machine/Drink_machine.runs/impl_1/runme.log
set_property PROBES.FILE {} [get_hw_devices xc7a35t_0]
set_property FULL_PROBES.FILE {} [get_hw_devices xc7a35t_0]
set_property PROGRAM.FILE {C:/Users/Winter/Desktop/vivado/Homework/Week7/Drink_machine/Drink_machine.runs/impl_1/Drink_machine_top.bit} [get_hw_devices xc7a35t_0]
program_hw_devices [get_hw_devices xc7a35t_0]
INFO: [Labtools 27-3164] End of startup status: HIGH
refresh_hw_device [lindex [get_hw_devices xc7a35t_0] 0]
INFO: [Labtools 27-1434] Device xc7a35t (JTAG device index = 0) is programmed with a design that has no supported debug core(s) in it.
close_project
create_project Drink_machine2 C:/Users/Winter/Desktop/vivado/Homework/Week7/Drink_machine2 -part xc7a35tcpg236-1
INFO: [IP_Flow 19-234] Refreshing IP repositories
INFO: [IP_Flow 19-1704] No user IP repositories specified
INFO: [IP_Flow 19-2313] Loaded Vivado IP repository 'D:/Software/Xilinx/Vivado/2019.1/data/ip'.
add_files -norecurse {C:/Users/Winter/Desktop/vivado/Homework/Week7/Code/x7seg.v C:/Users/Winter/Desktop/vivado/Homework/Week7/Code/Clk_div.v C:/Users/Winter/Desktop/vivado/Homework/Week7/Code/Drink_machine2.v C:/Users/Winter/Desktop/vivado/Homework/Week7/Code/Drink_machine_top2.v C:/Users/Winter/Desktop/vivado/Homework/Week7/Code/Key_dejitter.v}
add_files -fileset constrs_1 -norecurse C:/Users/Winter/Desktop/vivado/Homework/Week7/Code/Drink_machine_ctr.xdc
update_compile_order -fileset sources_1
launch_runs impl_1 -to_step write_bitstream -jobs 4
[Sat Oct 22 00:49:42 2022] Launched synth_1...
Run output will be captured here: C:/Users/Winter/Desktop/vivado/Homework/Week7/Drink_machine2/Drink_machine2.runs/synth_1/runme.log
[Sat Oct 22 00:49:42 2022] Launched impl_1...
Run output will be captured here: C:/Users/Winter/Desktop/vivado/Homework/Week7/Drink_machine2/Drink_machine2.runs/impl_1/runme.log
reset_run synth_1
launch_runs impl_1 -to_step write_bitstream -jobs 4
[Sat Oct 22 00:53:16 2022] Launched synth_1...
Run output will be captured here: C:/Users/Winter/Desktop/vivado/Homework/Week7/Drink_machine2/Drink_machine2.runs/synth_1/runme.log
[Sat Oct 22 00:53:16 2022] Launched impl_1...
Run output will be captured here: C:/Users/Winter/Desktop/vivado/Homework/Week7/Drink_machine2/Drink_machine2.runs/impl_1/runme.log
open_hw
connect_hw_server
INFO: [Labtools 27-2285] Connecting to hw_server url TCP:localhost:3121
INFO: [Labtools 27-2222] Launching hw_server...
INFO: [Labtools 27-2221] Launch Output:

****** Xilinx hw_server v2019.1
  **** Build date : May 24 2019 at 15:13:31
    ** Copyright 1986-2019 Xilinx, Inc. All Rights Reserved.


open_hw_target
INFO: [Labtoolstcl 44-466] Opening hw_target localhost:3121/xilinx_tcf/Digilent/210183ACAB2FA
set_property PROGRAM.FILE {C:/Users/Winter/Desktop/vivado/Homework/Week7/Drink_machine2/Drink_machine2.runs/impl_1/Drink_machine_top.bit} [get_hw_devices xc7a35t_0]
current_hw_device [get_hw_devices xc7a35t_0]
refresh_hw_device -update_hw_probes false [lindex [get_hw_devices xc7a35t_0] 0]
INFO: [Labtools 27-1434] Device xc7a35t (JTAG device index = 0) is programmed with a design that has no supported debug core(s) in it.
set_property PROBES.FILE {} [get_hw_devices xc7a35t_0]
set_property FULL_PROBES.FILE {} [get_hw_devices xc7a35t_0]
set_property PROGRAM.FILE {C:/Users/Winter/Desktop/vivado/Homework/Week7/Drink_machine2/Drink_machine2.runs/impl_1/Drink_machine_top.bit} [get_hw_devices xc7a35t_0]
program_hw_devices [get_hw_devices xc7a35t_0]
INFO: [Labtools 27-3164] End of startup status: HIGH
refresh_hw_device [lindex [get_hw_devices xc7a35t_0] 0]
INFO: [Labtools 27-1434] Device xc7a35t (JTAG device index = 0) is programmed with a design that has no supported debug core(s) in it.
exit
INFO: [Common 17-206] Exiting Vivado at Sat Oct 22 00:55:34 2022...
