#-----------------------------------------------------------
# Vivado v2019.1 (64-bit)
# SW Build 2552052 on Fri May 24 14:49:42 MDT 2019
# IP Build 2548770 on Fri May 24 18:01:18 MDT 2019
# Start of session at: Sat Oct 22 09:35:17 2022
# Process ID: 12204
# Current directory: C:/Users/Winter/Desktop/vivado/Homework/Week7/Drink_machine
# Command line: vivado.exe -gui_launcher_event rodinguilauncherevent14376 C:\Users\Winter\Desktop\vivado\Homework\Week7\Drink_machine\Drink_machine.xpr
# Log file: C:/Users/Winter/Desktop/vivado/Homework/Week7/Drink_machine/vivado.log
# Journal file: C:/Users/Winter/Desktop/vivado/Homework/Week7/Drink_machine\vivado.jou
#-----------------------------------------------------------
start_gui
open_project C:/Users/Winter/Desktop/vivado/Homework/Week7/Drink_machine/Drink_machine.xpr
Scanning sources...
Finished scanning sources
INFO: [IP_Flow 19-234] Refreshing IP repositories
INFO: [IP_Flow 19-1704] No user IP repositories specified
INFO: [IP_Flow 19-2313] Loaded Vivado IP repository 'D:/Software/Xilinx/Vivado/2019.1/data/ip'.
update_compile_order -fileset sources_1
reset_run synth_1
launch_runs impl_1 -to_step write_bitstream -jobs 4
[Sat Oct 22 09:35:41 2022] Launched synth_1...
Run output will be captured here: C:/Users/Winter/Desktop/vivado/Homework/Week7/Drink_machine/Drink_machine.runs/synth_1/runme.log
[Sat Oct 22 09:35:42 2022] Launched impl_1...
Run output will be captured here: C:/Users/Winter/Desktop/vivado/Homework/Week7/Drink_machine/Drink_machine.runs/impl_1/runme.log
reset_run synth_1
launch_runs impl_1 -to_step write_bitstream -jobs 4
[Sat Oct 22 09:44:43 2022] Launched synth_1...
Run output will be captured here: C:/Users/Winter/Desktop/vivado/Homework/Week7/Drink_machine/Drink_machine.runs/synth_1/runme.log
[Sat Oct 22 09:44:43 2022] Launched impl_1...
Run output will be captured here: C:/Users/Winter/Desktop/vivado/Homework/Week7/Drink_machine/Drink_machine.runs/impl_1/runme.log
open_hw
connect_hw_server
INFO: [Labtools 27-2285] Connecting to hw_server url TCP:localhost:3121
INFO: [Labtools 27-2222] Launching hw_server...
INFO: [Labtools 27-2221] Launch Output:

****** Xilinx hw_server v2019.1
  **** Build date : May 24 2019 at 15:13:31
    ** Copyright 1986-2019 Xilinx, Inc. All Rights Reserved.


open_hw_target
INFO: [Labtoolstcl 44-466] Opening hw_target localhost:3121/xilinx_tcf/Digilent/210183ACAB2FA
set_property PROGRAM.FILE {C:/Users/Winter/Desktop/vivado/Homework/Week7/Drink_machine/Drink_machine.runs/impl_1/Drink_machine_top.bit} [get_hw_devices xc7a35t_0]
current_hw_device [get_hw_devices xc7a35t_0]
refresh_hw_device -update_hw_probes false [lindex [get_hw_devices xc7a35t_0] 0]
INFO: [Labtools 27-1435] Device xc7a35t (JTAG device index = 0) is not programmed (DONE status = 0).
set_property PROBES.FILE {} [get_hw_devices xc7a35t_0]
set_property FULL_PROBES.FILE {} [get_hw_devices xc7a35t_0]
set_property PROGRAM.FILE {C:/Users/Winter/Desktop/vivado/Homework/Week7/Drink_machine/Drink_machine.runs/impl_1/Drink_machine_top.bit} [get_hw_devices xc7a35t_0]
program_hw_devices [get_hw_devices xc7a35t_0]
INFO: [Labtools 27-3164] End of startup status: HIGH
refresh_hw_device [lindex [get_hw_devices xc7a35t_0] 0]
INFO: [Labtools 27-1434] Device xc7a35t (JTAG device index = 0) is programmed with a design that has no supported debug core(s) in it.
close_hw
reset_run synth_1
launch_runs impl_1 -to_step write_bitstream -jobs 4
[Sat Oct 22 09:53:49 2022] Launched synth_1...
Run output will be captured here: C:/Users/Winter/Desktop/vivado/Homework/Week7/Drink_machine/Drink_machine.runs/synth_1/runme.log
[Sat Oct 22 09:53:49 2022] Launched impl_1...
Run output will be captured here: C:/Users/Winter/Desktop/vivado/Homework/Week7/Drink_machine/Drink_machine.runs/impl_1/runme.log
reset_run impl_1 -prev_step 
reset_run synth_1
launch_runs impl_1 -to_step write_bitstream -jobs 4
[Sat Oct 22 09:55:00 2022] Launched synth_1...
Run output will be captured here: C:/Users/Winter/Desktop/vivado/Homework/Week7/Drink_machine/Drink_machine.runs/synth_1/runme.log
[Sat Oct 22 09:55:00 2022] Launched impl_1...
Run output will be captured here: C:/Users/Winter/Desktop/vivado/Homework/Week7/Drink_machine/Drink_machine.runs/impl_1/runme.log
update_compile_order -fileset sources_1
update_compile_order -fileset sources_1
update_compile_order -fileset sources_1
update_compile_order -fileset sources_1
reset_run synth_1
launch_runs impl_1 -to_step write_bitstream -jobs 4
[Sat Oct 22 09:57:40 2022] Launched synth_1...
Run output will be captured here: C:/Users/Winter/Desktop/vivado/Homework/Week7/Drink_machine/Drink_machine.runs/synth_1/runme.log
[Sat Oct 22 09:57:40 2022] Launched impl_1...
Run output will be captured here: C:/Users/Winter/Desktop/vivado/Homework/Week7/Drink_machine/Drink_machine.runs/impl_1/runme.log
open_hw
connect_hw_server
INFO: [Labtools 27-2285] Connecting to hw_server url TCP:localhost:3121
INFO: [Labtools 27-2222] Launching hw_server...
INFO: [Labtools 27-2221] Launch Output:

****** Xilinx hw_server v2019.1
  **** Build date : May 24 2019 at 15:13:31
    ** Copyright 1986-2019 Xilinx, Inc. All Rights Reserved.


open_hw_target
INFO: [Labtoolstcl 44-466] Opening hw_target localhost:3121/xilinx_tcf/Digilent/210183ACAB2FA
set_property PROGRAM.FILE {C:/Users/Winter/Desktop/vivado/Homework/Week7/Drink_machine/Drink_machine.runs/impl_1/Drink_machine_top.bit} [get_hw_devices xc7a35t_0]
current_hw_device [get_hw_devices xc7a35t_0]
refresh_hw_device -update_hw_probes false [lindex [get_hw_devices xc7a35t_0] 0]
INFO: [Labtools 27-1434] Device xc7a35t (JTAG device index = 0) is programmed with a design that has no supported debug core(s) in it.
set_property PROBES.FILE {} [get_hw_devices xc7a35t_0]
set_property FULL_PROBES.FILE {} [get_hw_devices xc7a35t_0]
set_property PROGRAM.FILE {C:/Users/Winter/Desktop/vivado/Homework/Week7/Drink_machine/Drink_machine.runs/impl_1/Drink_machine_top.bit} [get_hw_devices xc7a35t_0]
program_hw_devices [get_hw_devices xc7a35t_0]
INFO: [Labtools 27-3164] End of startup status: HIGH
refresh_hw_device [lindex [get_hw_devices xc7a35t_0] 0]
INFO: [Labtools 27-1434] Device xc7a35t (JTAG device index = 0) is programmed with a design that has no supported debug core(s) in it.
reset_run synth_1
launch_runs impl_1 -to_step write_bitstream -jobs 4
[Sat Oct 22 10:04:20 2022] Launched synth_1...
Run output will be captured here: C:/Users/Winter/Desktop/vivado/Homework/Week7/Drink_machine/Drink_machine.runs/synth_1/runme.log
[Sat Oct 22 10:04:20 2022] Launched impl_1...
Run output will be captured here: C:/Users/Winter/Desktop/vivado/Homework/Week7/Drink_machine/Drink_machine.runs/impl_1/runme.log
set_property PROBES.FILE {} [get_hw_devices xc7a35t_0]
set_property FULL_PROBES.FILE {} [get_hw_devices xc7a35t_0]
set_property PROGRAM.FILE {C:/Users/Winter/Desktop/vivado/Homework/Week7/Drink_machine/Drink_machine.runs/impl_1/Drink_machine_top.bit} [get_hw_devices xc7a35t_0]
program_hw_devices [get_hw_devices xc7a35t_0]
INFO: [Labtools 27-3164] End of startup status: HIGH
refresh_hw_device [lindex [get_hw_devices xc7a35t_0] 0]
INFO: [Labtools 27-1434] Device xc7a35t (JTAG device index = 0) is programmed with a design that has no supported debug core(s) in it.
reset_run synth_1
launch_runs impl_1 -to_step write_bitstream -jobs 4
[Sat Oct 22 10:09:44 2022] Launched synth_1...
Run output will be captured here: C:/Users/Winter/Desktop/vivado/Homework/Week7/Drink_machine/Drink_machine.runs/synth_1/runme.log
[Sat Oct 22 10:09:44 2022] Launched impl_1...
Run output will be captured here: C:/Users/Winter/Desktop/vivado/Homework/Week7/Drink_machine/Drink_machine.runs/impl_1/runme.log
set_property PROBES.FILE {} [get_hw_devices xc7a35t_0]
set_property FULL_PROBES.FILE {} [get_hw_devices xc7a35t_0]
set_property PROGRAM.FILE {C:/Users/Winter/Desktop/vivado/Homework/Week7/Drink_machine/Drink_machine.runs/impl_1/Drink_machine_top.bit} [get_hw_devices xc7a35t_0]
program_hw_devices [get_hw_devices xc7a35t_0]
INFO: [Labtools 27-3164] End of startup status: HIGH
refresh_hw_device [lindex [get_hw_devices xc7a35t_0] 0]
INFO: [Labtools 27-1434] Device xc7a35t (JTAG device index = 0) is programmed with a design that has no supported debug core(s) in it.
reset_run synth_1
launch_runs impl_1 -to_step write_bitstream -jobs 4
[Sat Oct 22 10:12:12 2022] Launched synth_1...
Run output will be captured here: C:/Users/Winter/Desktop/vivado/Homework/Week7/Drink_machine/Drink_machine.runs/synth_1/runme.log
[Sat Oct 22 10:12:12 2022] Launched impl_1...
Run output will be captured here: C:/Users/Winter/Desktop/vivado/Homework/Week7/Drink_machine/Drink_machine.runs/impl_1/runme.log
set_property PROBES.FILE {} [get_hw_devices xc7a35t_0]
set_property FULL_PROBES.FILE {} [get_hw_devices xc7a35t_0]
set_property PROGRAM.FILE {C:/Users/Winter/Desktop/vivado/Homework/Week7/Drink_machine/Drink_machine.runs/impl_1/Drink_machine_top.bit} [get_hw_devices xc7a35t_0]
program_hw_devices [get_hw_devices xc7a35t_0]
INFO: [Labtools 27-3164] End of startup status: HIGH
refresh_hw_device [lindex [get_hw_devices xc7a35t_0] 0]
INFO: [Labtools 27-1434] Device xc7a35t (JTAG device index = 0) is programmed with a design that has no supported debug core(s) in it.
reset_run synth_1
launch_runs impl_1 -to_step write_bitstream -jobs 4
[Sat Oct 22 10:14:46 2022] Launched synth_1...
Run output will be captured here: C:/Users/Winter/Desktop/vivado/Homework/Week7/Drink_machine/Drink_machine.runs/synth_1/runme.log
[Sat Oct 22 10:14:46 2022] Launched impl_1...
Run output will be captured here: C:/Users/Winter/Desktop/vivado/Homework/Week7/Drink_machine/Drink_machine.runs/impl_1/runme.log
set_property PROBES.FILE {} [get_hw_devices xc7a35t_0]
set_property FULL_PROBES.FILE {} [get_hw_devices xc7a35t_0]
set_property PROGRAM.FILE {C:/Users/Winter/Desktop/vivado/Homework/Week7/Drink_machine/Drink_machine.runs/impl_1/Drink_machine_top.bit} [get_hw_devices xc7a35t_0]
program_hw_devices [get_hw_devices xc7a35t_0]
INFO: [Labtools 27-3164] End of startup status: HIGH
refresh_hw_device [lindex [get_hw_devices xc7a35t_0] 0]
INFO: [Labtools 27-1434] Device xc7a35t (JTAG device index = 0) is programmed with a design that has no supported debug core(s) in it.
reset_run synth_1
launch_runs impl_1 -to_step write_bitstream -jobs 4
[Sat Oct 22 10:19:11 2022] Launched synth_1...
Run output will be captured here: C:/Users/Winter/Desktop/vivado/Homework/Week7/Drink_machine/Drink_machine.runs/synth_1/runme.log
[Sat Oct 22 10:19:11 2022] Launched impl_1...
Run output will be captured here: C:/Users/Winter/Desktop/vivado/Homework/Week7/Drink_machine/Drink_machine.runs/impl_1/runme.log
set_property PROBES.FILE {} [get_hw_devices xc7a35t_0]
set_property FULL_PROBES.FILE {} [get_hw_devices xc7a35t_0]
set_property PROGRAM.FILE {C:/Users/Winter/Desktop/vivado/Homework/Week7/Drink_machine/Drink_machine.runs/impl_1/Drink_machine_top.bit} [get_hw_devices xc7a35t_0]
program_hw_devices [get_hw_devices xc7a35t_0]
INFO: [Labtools 27-3164] End of startup status: HIGH
refresh_hw_device [lindex [get_hw_devices xc7a35t_0] 0]
INFO: [Labtools 27-1434] Device xc7a35t (JTAG device index = 0) is programmed with a design that has no supported debug core(s) in it.
reset_run synth_1
launch_runs impl_1 -to_step write_bitstream -jobs 4
[Sat Oct 22 10:25:15 2022] Launched synth_1...
Run output will be captured here: C:/Users/Winter/Desktop/vivado/Homework/Week7/Drink_machine/Drink_machine.runs/synth_1/runme.log
[Sat Oct 22 10:25:15 2022] Launched impl_1...
Run output will be captured here: C:/Users/Winter/Desktop/vivado/Homework/Week7/Drink_machine/Drink_machine.runs/impl_1/runme.log
set_property PROBES.FILE {} [get_hw_devices xc7a35t_0]
set_property FULL_PROBES.FILE {} [get_hw_devices xc7a35t_0]
set_property PROGRAM.FILE {C:/Users/Winter/Desktop/vivado/Homework/Week7/Drink_machine/Drink_machine.runs/impl_1/Drink_machine_top.bit} [get_hw_devices xc7a35t_0]
program_hw_devices [get_hw_devices xc7a35t_0]
INFO: [Labtools 27-3164] End of startup status: HIGH
refresh_hw_device [lindex [get_hw_devices xc7a35t_0] 0]
INFO: [Labtools 27-1434] Device xc7a35t (JTAG device index = 0) is programmed with a design that has no supported debug core(s) in it.
reset_run synth_1
launch_runs impl_1 -to_step write_bitstream -jobs 4
[Sat Oct 22 10:29:55 2022] Launched synth_1...
Run output will be captured here: C:/Users/Winter/Desktop/vivado/Homework/Week7/Drink_machine/Drink_machine.runs/synth_1/runme.log
[Sat Oct 22 10:29:55 2022] Launched impl_1...
Run output will be captured here: C:/Users/Winter/Desktop/vivado/Homework/Week7/Drink_machine/Drink_machine.runs/impl_1/runme.log
set_property PROBES.FILE {} [get_hw_devices xc7a35t_0]
set_property FULL_PROBES.FILE {} [get_hw_devices xc7a35t_0]
set_property PROGRAM.FILE {C:/Users/Winter/Desktop/vivado/Homework/Week7/Drink_machine/Drink_machine.runs/impl_1/Drink_machine_top.bit} [get_hw_devices xc7a35t_0]
program_hw_devices [get_hw_devices xc7a35t_0]
INFO: [Labtools 27-3164] End of startup status: HIGH
refresh_hw_device [lindex [get_hw_devices xc7a35t_0] 0]
INFO: [Labtools 27-1434] Device xc7a35t (JTAG device index = 0) is programmed with a design that has no supported debug core(s) in it.
reset_run synth_1
launch_runs impl_1 -to_step write_bitstream -jobs 4
[Sat Oct 22 10:37:33 2022] Launched synth_1...
Run output will be captured here: C:/Users/Winter/Desktop/vivado/Homework/Week7/Drink_machine/Drink_machine.runs/synth_1/runme.log
[Sat Oct 22 10:37:33 2022] Launched impl_1...
Run output will be captured here: C:/Users/Winter/Desktop/vivado/Homework/Week7/Drink_machine/Drink_machine.runs/impl_1/runme.log
set_property PROBES.FILE {} [get_hw_devices xc7a35t_0]
set_property FULL_PROBES.FILE {} [get_hw_devices xc7a35t_0]
set_property PROGRAM.FILE {C:/Users/Winter/Desktop/vivado/Homework/Week7/Drink_machine/Drink_machine.runs/impl_1/Drink_machine_top.bit} [get_hw_devices xc7a35t_0]
program_hw_devices [get_hw_devices xc7a35t_0]
INFO: [Labtools 27-3164] End of startup status: HIGH
refresh_hw_device [lindex [get_hw_devices xc7a35t_0] 0]
INFO: [Labtools 27-1434] Device xc7a35t (JTAG device index = 0) is programmed with a design that has no supported debug core(s) in it.
reset_run synth_1
launch_runs impl_1 -to_step write_bitstream -jobs 4
[Sat Oct 22 10:44:10 2022] Launched synth_1...
Run output will be captured here: C:/Users/Winter/Desktop/vivado/Homework/Week7/Drink_machine/Drink_machine.runs/synth_1/runme.log
[Sat Oct 22 10:44:10 2022] Launched impl_1...
Run output will be captured here: C:/Users/Winter/Desktop/vivado/Homework/Week7/Drink_machine/Drink_machine.runs/impl_1/runme.log
set_property PROBES.FILE {} [get_hw_devices xc7a35t_0]
set_property FULL_PROBES.FILE {} [get_hw_devices xc7a35t_0]
set_property PROGRAM.FILE {C:/Users/Winter/Desktop/vivado/Homework/Week7/Drink_machine/Drink_machine.runs/impl_1/Drink_machine_top.bit} [get_hw_devices xc7a35t_0]
program_hw_devices [get_hw_devices xc7a35t_0]
INFO: [Labtools 27-3164] End of startup status: HIGH
refresh_hw_device [lindex [get_hw_devices xc7a35t_0] 0]
INFO: [Labtools 27-1434] Device xc7a35t (JTAG device index = 0) is programmed with a design that has no supported debug core(s) in it.
reset_run synth_1
launch_runs impl_1 -to_step write_bitstream -jobs 4
[Sat Oct 22 10:47:52 2022] Launched synth_1...
Run output will be captured here: C:/Users/Winter/Desktop/vivado/Homework/Week7/Drink_machine/Drink_machine.runs/synth_1/runme.log
[Sat Oct 22 10:47:52 2022] Launched impl_1...
Run output will be captured here: C:/Users/Winter/Desktop/vivado/Homework/Week7/Drink_machine/Drink_machine.runs/impl_1/runme.log
set_property PROBES.FILE {} [get_hw_devices xc7a35t_0]
set_property FULL_PROBES.FILE {} [get_hw_devices xc7a35t_0]
set_property PROGRAM.FILE {C:/Users/Winter/Desktop/vivado/Homework/Week7/Drink_machine/Drink_machine.runs/impl_1/Drink_machine_top.bit} [get_hw_devices xc7a35t_0]
program_hw_devices [get_hw_devices xc7a35t_0]
INFO: [Labtools 27-3164] End of startup status: HIGH
refresh_hw_device [lindex [get_hw_devices xc7a35t_0] 0]
INFO: [Labtools 27-1434] Device xc7a35t (JTAG device index = 0) is programmed with a design that has no supported debug core(s) in it.
reset_run synth_1
launch_runs impl_1 -to_step write_bitstream -jobs 4
[Sat Oct 22 10:51:29 2022] Launched synth_1...
Run output will be captured here: C:/Users/Winter/Desktop/vivado/Homework/Week7/Drink_machine/Drink_machine.runs/synth_1/runme.log
[Sat Oct 22 10:51:29 2022] Launched impl_1...
Run output will be captured here: C:/Users/Winter/Desktop/vivado/Homework/Week7/Drink_machine/Drink_machine.runs/impl_1/runme.log
set_property PROBES.FILE {} [get_hw_devices xc7a35t_0]
set_property FULL_PROBES.FILE {} [get_hw_devices xc7a35t_0]
set_property PROGRAM.FILE {C:/Users/Winter/Desktop/vivado/Homework/Week7/Drink_machine/Drink_machine.runs/impl_1/Drink_machine_top.bit} [get_hw_devices xc7a35t_0]
program_hw_devices [get_hw_devices xc7a35t_0]
INFO: [Labtools 27-3164] End of startup status: HIGH
refresh_hw_device [lindex [get_hw_devices xc7a35t_0] 0]
INFO: [Labtools 27-1434] Device xc7a35t (JTAG device index = 0) is programmed with a design that has no supported debug core(s) in it.
reset_run synth_1
launch_runs impl_1 -to_step write_bitstream -jobs 4
[Sat Oct 22 10:56:39 2022] Launched synth_1...
Run output will be captured here: C:/Users/Winter/Desktop/vivado/Homework/Week7/Drink_machine/Drink_machine.runs/synth_1/runme.log
[Sat Oct 22 10:56:39 2022] Launched impl_1...
Run output will be captured here: C:/Users/Winter/Desktop/vivado/Homework/Week7/Drink_machine/Drink_machine.runs/impl_1/runme.log
update_compile_order -fileset sources_1
update_compile_order -fileset sources_1
set_property PROBES.FILE {} [get_hw_devices xc7a35t_0]
set_property FULL_PROBES.FILE {} [get_hw_devices xc7a35t_0]
set_property PROGRAM.FILE {C:/Users/Winter/Desktop/vivado/Homework/Week7/Drink_machine/Drink_machine.runs/impl_1/Drink_machine_top.bit} [get_hw_devices xc7a35t_0]
program_hw_devices [get_hw_devices xc7a35t_0]
INFO: [Labtools 27-3164] End of startup status: HIGH
refresh_hw_device [lindex [get_hw_devices xc7a35t_0] 0]
INFO: [Labtools 27-1434] Device xc7a35t (JTAG device index = 0) is programmed with a design that has no supported debug core(s) in it.
reset_run synth_1
launch_runs impl_1 -to_step write_bitstream -jobs 4
[Sat Oct 22 10:59:41 2022] Launched synth_1...
Run output will be captured here: C:/Users/Winter/Desktop/vivado/Homework/Week7/Drink_machine/Drink_machine.runs/synth_1/runme.log
[Sat Oct 22 10:59:41 2022] Launched impl_1...
Run output will be captured here: C:/Users/Winter/Desktop/vivado/Homework/Week7/Drink_machine/Drink_machine.runs/impl_1/runme.log
set_property PROBES.FILE {} [get_hw_devices xc7a35t_0]
set_property FULL_PROBES.FILE {} [get_hw_devices xc7a35t_0]
set_property PROGRAM.FILE {C:/Users/Winter/Desktop/vivado/Homework/Week7/Drink_machine/Drink_machine.runs/impl_1/Drink_machine_top.bit} [get_hw_devices xc7a35t_0]
program_hw_devices [get_hw_devices xc7a35t_0]
INFO: [Labtools 27-3164] End of startup status: HIGH
refresh_hw_device [lindex [get_hw_devices xc7a35t_0] 0]
INFO: [Labtools 27-1434] Device xc7a35t (JTAG device index = 0) is programmed with a design that has no supported debug core(s) in it.
reset_run synth_1
launch_runs impl_1 -to_step write_bitstream -jobs 4
[Sat Oct 22 11:04:46 2022] Launched synth_1...
Run output will be captured here: C:/Users/Winter/Desktop/vivado/Homework/Week7/Drink_machine/Drink_machine.runs/synth_1/runme.log
[Sat Oct 22 11:04:46 2022] Launched impl_1...
Run output will be captured here: C:/Users/Winter/Desktop/vivado/Homework/Week7/Drink_machine/Drink_machine.runs/impl_1/runme.log
set_property PROBES.FILE {} [get_hw_devices xc7a35t_0]
set_property FULL_PROBES.FILE {} [get_hw_devices xc7a35t_0]
set_property PROGRAM.FILE {C:/Users/Winter/Desktop/vivado/Homework/Week7/Drink_machine/Drink_machine.runs/impl_1/Drink_machine_top.bit} [get_hw_devices xc7a35t_0]
program_hw_devices [get_hw_devices xc7a35t_0]
INFO: [Labtools 27-3164] End of startup status: HIGH
refresh_hw_device [lindex [get_hw_devices xc7a35t_0] 0]
INFO: [Labtools 27-1434] Device xc7a35t (JTAG device index = 0) is programmed with a design that has no supported debug core(s) in it.
reset_run synth_1
launch_runs impl_1 -to_step write_bitstream -jobs 4
[Sat Oct 22 11:08:08 2022] Launched synth_1...
Run output will be captured here: C:/Users/Winter/Desktop/vivado/Homework/Week7/Drink_machine/Drink_machine.runs/synth_1/runme.log
[Sat Oct 22 11:08:08 2022] Launched impl_1...
Run output will be captured here: C:/Users/Winter/Desktop/vivado/Homework/Week7/Drink_machine/Drink_machine.runs/impl_1/runme.log
set_property PROBES.FILE {} [get_hw_devices xc7a35t_0]
set_property FULL_PROBES.FILE {} [get_hw_devices xc7a35t_0]
set_property PROGRAM.FILE {C:/Users/Winter/Desktop/vivado/Homework/Week7/Drink_machine/Drink_machine.runs/impl_1/Drink_machine_top.bit} [get_hw_devices xc7a35t_0]
program_hw_devices [get_hw_devices xc7a35t_0]
INFO: [Labtools 27-3164] End of startup status: HIGH
refresh_hw_device [lindex [get_hw_devices xc7a35t_0] 0]
INFO: [Labtools 27-1434] Device xc7a35t (JTAG device index = 0) is programmed with a design that has no supported debug core(s) in it.
reset_run synth_1
launch_runs impl_1 -to_step write_bitstream -jobs 4
[Sat Oct 22 11:11:27 2022] Launched synth_1...
Run output will be captured here: C:/Users/Winter/Desktop/vivado/Homework/Week7/Drink_machine/Drink_machine.runs/synth_1/runme.log
[Sat Oct 22 11:11:27 2022] Launched impl_1...
Run output will be captured here: C:/Users/Winter/Desktop/vivado/Homework/Week7/Drink_machine/Drink_machine.runs/impl_1/runme.log
reset_run synth_1
launch_runs impl_1 -to_step write_bitstream -jobs 4
[Sat Oct 22 11:11:45 2022] Launched synth_1...
Run output will be captured here: C:/Users/Winter/Desktop/vivado/Homework/Week7/Drink_machine/Drink_machine.runs/synth_1/runme.log
[Sat Oct 22 11:11:45 2022] Launched impl_1...
Run output will be captured here: C:/Users/Winter/Desktop/vivado/Homework/Week7/Drink_machine/Drink_machine.runs/impl_1/runme.log
set_property PROBES.FILE {} [get_hw_devices xc7a35t_0]
set_property FULL_PROBES.FILE {} [get_hw_devices xc7a35t_0]
set_property PROGRAM.FILE {C:/Users/Winter/Desktop/vivado/Homework/Week7/Drink_machine/Drink_machine.runs/impl_1/Drink_machine_top.bit} [get_hw_devices xc7a35t_0]
program_hw_devices [get_hw_devices xc7a35t_0]
INFO: [Labtools 27-3164] End of startup status: HIGH
refresh_hw_device [lindex [get_hw_devices xc7a35t_0] 0]
INFO: [Labtools 27-1434] Device xc7a35t (JTAG device index = 0) is programmed with a design that has no supported debug core(s) in it.
reset_run synth_1
launch_runs impl_1 -to_step write_bitstream -jobs 4
[Sat Oct 22 11:17:55 2022] Launched synth_1...
Run output will be captured here: C:/Users/Winter/Desktop/vivado/Homework/Week7/Drink_machine/Drink_machine.runs/synth_1/runme.log
[Sat Oct 22 11:17:55 2022] Launched impl_1...
Run output will be captured here: C:/Users/Winter/Desktop/vivado/Homework/Week7/Drink_machine/Drink_machine.runs/impl_1/runme.log
set_property PROBES.FILE {} [get_hw_devices xc7a35t_0]
set_property FULL_PROBES.FILE {} [get_hw_devices xc7a35t_0]
set_property PROGRAM.FILE {C:/Users/Winter/Desktop/vivado/Homework/Week7/Drink_machine/Drink_machine.runs/impl_1/Drink_machine_top.bit} [get_hw_devices xc7a35t_0]
program_hw_devices [get_hw_devices xc7a35t_0]
INFO: [Labtools 27-3164] End of startup status: HIGH
refresh_hw_device [lindex [get_hw_devices xc7a35t_0] 0]
INFO: [Labtools 27-1434] Device xc7a35t (JTAG device index = 0) is programmed with a design that has no supported debug core(s) in it.
reset_run synth_1
launch_runs impl_1 -to_step write_bitstream -jobs 4
[Sat Oct 22 11:20:19 2022] Launched synth_1...
Run output will be captured here: C:/Users/Winter/Desktop/vivado/Homework/Week7/Drink_machine/Drink_machine.runs/synth_1/runme.log
[Sat Oct 22 11:20:19 2022] Launched impl_1...
Run output will be captured here: C:/Users/Winter/Desktop/vivado/Homework/Week7/Drink_machine/Drink_machine.runs/impl_1/runme.log
set_property PROBES.FILE {} [get_hw_devices xc7a35t_0]
set_property FULL_PROBES.FILE {} [get_hw_devices xc7a35t_0]
set_property PROGRAM.FILE {C:/Users/Winter/Desktop/vivado/Homework/Week7/Drink_machine/Drink_machine.runs/impl_1/Drink_machine_top.bit} [get_hw_devices xc7a35t_0]
program_hw_devices [get_hw_devices xc7a35t_0]
INFO: [Labtools 27-3164] End of startup status: HIGH
refresh_hw_device [lindex [get_hw_devices xc7a35t_0] 0]
INFO: [Labtools 27-1434] Device xc7a35t (JTAG device index = 0) is programmed with a design that has no supported debug core(s) in it.
set_property PROBES.FILE {} [get_hw_devices xc7a35t_0]
set_property FULL_PROBES.FILE {} [get_hw_devices xc7a35t_0]
set_property PROGRAM.FILE {C:/Users/Winter/Desktop/vivado/Homework/Week7/Drink_machine/Drink_machine.runs/impl_1/Drink_machine_top.bit} [get_hw_devices xc7a35t_0]
program_hw_devices [get_hw_devices xc7a35t_0]
INFO: [Labtools 27-3164] End of startup status: HIGH
refresh_hw_device [lindex [get_hw_devices xc7a35t_0] 0]
INFO: [Labtools 27-1434] Device xc7a35t (JTAG device index = 0) is programmed with a design that has no supported debug core(s) in it.
reset_run synth_1
launch_runs impl_1 -to_step write_bitstream -jobs 4
[Sat Oct 22 11:26:07 2022] Launched synth_1...
Run output will be captured here: C:/Users/Winter/Desktop/vivado/Homework/Week7/Drink_machine/Drink_machine.runs/synth_1/runme.log
[Sat Oct 22 11:26:07 2022] Launched impl_1...
Run output will be captured here: C:/Users/Winter/Desktop/vivado/Homework/Week7/Drink_machine/Drink_machine.runs/impl_1/runme.log
set_property PROBES.FILE {} [get_hw_devices xc7a35t_0]
set_property FULL_PROBES.FILE {} [get_hw_devices xc7a35t_0]
set_property PROGRAM.FILE {C:/Users/Winter/Desktop/vivado/Homework/Week7/Drink_machine/Drink_machine.runs/impl_1/Drink_machine_top.bit} [get_hw_devices xc7a35t_0]
program_hw_devices [get_hw_devices xc7a35t_0]
INFO: [Labtools 27-3164] End of startup status: HIGH
refresh_hw_device [lindex [get_hw_devices xc7a35t_0] 0]
INFO: [Labtools 27-1434] Device xc7a35t (JTAG device index = 0) is programmed with a design that has no supported debug core(s) in it.
reset_run synth_1
launch_runs impl_1 -to_step write_bitstream -jobs 4
[Sat Oct 22 11:34:52 2022] Launched synth_1...
Run output will be captured here: C:/Users/Winter/Desktop/vivado/Homework/Week7/Drink_machine/Drink_machine.runs/synth_1/runme.log
[Sat Oct 22 11:34:52 2022] Launched impl_1...
Run output will be captured here: C:/Users/Winter/Desktop/vivado/Homework/Week7/Drink_machine/Drink_machine.runs/impl_1/runme.log
reset_run synth_1
launch_runs impl_1 -to_step write_bitstream -jobs 4
[Sat Oct 22 11:37:44 2022] Launched synth_1...
Run output will be captured here: C:/Users/Winter/Desktop/vivado/Homework/Week7/Drink_machine/Drink_machine.runs/synth_1/runme.log
[Sat Oct 22 11:37:44 2022] Launched impl_1...
Run output will be captured here: C:/Users/Winter/Desktop/vivado/Homework/Week7/Drink_machine/Drink_machine.runs/impl_1/runme.log
set_property PROBES.FILE {} [get_hw_devices xc7a35t_0]
set_property FULL_PROBES.FILE {} [get_hw_devices xc7a35t_0]
set_property PROGRAM.FILE {C:/Users/Winter/Desktop/vivado/Homework/Week7/Drink_machine/Drink_machine.runs/impl_1/Drink_machine_top.bit} [get_hw_devices xc7a35t_0]
program_hw_devices [get_hw_devices xc7a35t_0]
INFO: [Labtools 27-3164] End of startup status: HIGH
refresh_hw_device [lindex [get_hw_devices xc7a35t_0] 0]
INFO: [Labtools 27-1434] Device xc7a35t (JTAG device index = 0) is programmed with a design that has no supported debug core(s) in it.
set_property PROBES.FILE {} [get_hw_devices xc7a35t_0]
set_property FULL_PROBES.FILE {} [get_hw_devices xc7a35t_0]
set_property PROGRAM.FILE {C:/Users/Winter/Desktop/vivado/Homework/Week7/Drink_machine/Drink_machine.runs/impl_1/Drink_machine_top.bit} [get_hw_devices xc7a35t_0]
program_hw_devices [get_hw_devices xc7a35t_0]
INFO: [Labtools 27-3164] End of startup status: HIGH
refresh_hw_device [lindex [get_hw_devices xc7a35t_0] 0]
INFO: [Labtools 27-1434] Device xc7a35t (JTAG device index = 0) is programmed with a design that has no supported debug core(s) in it.
close_project
create_project project_1 C:/Users/Winter/Desktop/vivado/Homework/test/project_1 -part xc7a35tcpg236-1
INFO: [IP_Flow 19-234] Refreshing IP repositories
INFO: [IP_Flow 19-1704] No user IP repositories specified
INFO: [IP_Flow 19-2313] Loaded Vivado IP repository 'D:/Software/Xilinx/Vivado/2019.1/data/ip'.
add_files -norecurse {C:/Users/Winter/Desktop/vivado/Homework/test/Code/Drink_machine.v C:/Users/Winter/Desktop/vivado/Homework/test/Code/x7seg.v C:/Users/Winter/Desktop/vivado/Homework/test/Code/Key_dejitter.v C:/Users/Winter/Desktop/vivado/Homework/test/Code/Drink_machine_top.v C:/Users/Winter/Desktop/vivado/Homework/test/Code/Clk_div.v}
add_files -fileset constrs_1 -norecurse C:/Users/Winter/Desktop/vivado/Homework/test/Code/Drink_machine_ctr.xdc
update_compile_order -fileset sources_1
update_compile_order -fileset sources_1
launch_runs impl_1 -to_step write_bitstream -jobs 4
[Sat Oct 22 11:47:49 2022] Launched synth_1...
Run output will be captured here: C:/Users/Winter/Desktop/vivado/Homework/test/project_1/project_1.runs/synth_1/runme.log
[Sat Oct 22 11:47:49 2022] Launched impl_1...
Run output will be captured here: C:/Users/Winter/Desktop/vivado/Homework/test/project_1/project_1.runs/impl_1/runme.log
open_hw
connect_hw_server
INFO: [Labtools 27-2285] Connecting to hw_server url TCP:localhost:3121
INFO: [Labtools 27-2222] Launching hw_server...
INFO: [Labtools 27-2221] Launch Output:

****** Xilinx hw_server v2019.1
  **** Build date : May 24 2019 at 15:13:31
    ** Copyright 1986-2019 Xilinx, Inc. All Rights Reserved.


open_hw_target
INFO: [Labtoolstcl 44-466] Opening hw_target localhost:3121/xilinx_tcf/Digilent/210183ACAB2FA
set_property PROGRAM.FILE {C:/Users/Winter/Desktop/vivado/Homework/test/project_1/project_1.runs/impl_1/Drink_machine_top.bit} [get_hw_devices xc7a35t_0]
current_hw_device [get_hw_devices xc7a35t_0]
refresh_hw_device -update_hw_probes false [lindex [get_hw_devices xc7a35t_0] 0]
INFO: [Labtools 27-1434] Device xc7a35t (JTAG device index = 0) is programmed with a design that has no supported debug core(s) in it.
set_property PROBES.FILE {} [get_hw_devices xc7a35t_0]
set_property FULL_PROBES.FILE {} [get_hw_devices xc7a35t_0]
set_property PROGRAM.FILE {C:/Users/Winter/Desktop/vivado/Homework/test/project_1/project_1.runs/impl_1/Drink_machine_top.bit} [get_hw_devices xc7a35t_0]
program_hw_devices [get_hw_devices xc7a35t_0]
INFO: [Labtools 27-3164] End of startup status: HIGH
refresh_hw_device [lindex [get_hw_devices xc7a35t_0] 0]
INFO: [Labtools 27-1434] Device xc7a35t (JTAG device index = 0) is programmed with a design that has no supported debug core(s) in it.
exit
INFO: [Common 17-206] Exiting Vivado at Sat Oct 22 11:52:25 2022...
