#-----------------------------------------------------------
# Vivado v2019.1 (64-bit)
# SW Build 2552052 on Fri May 24 14:49:42 MDT 2019
# IP Build 2548770 on Fri May 24 18:01:18 MDT 2019
# Start of session at: Fri Oct  7 12:18:09 2022
# Process ID: 15156
# Current directory: C:/Users/Winter/Desktop/vivado/Homework/Week5/behavior
# Command line: vivado.exe -gui_launcher_event rodinguilauncherevent20032 C:\Users\Winter\Desktop\vivado\Homework\Week5\behavior\behavior.xpr
# Log file: C:/Users/Winter/Desktop/vivado/Homework/Week5/behavior/vivado.log
# Journal file: C:/Users/Winter/Desktop/vivado/Homework/Week5/behavior\vivado.jou
#-----------------------------------------------------------
start_gui
open_project C:/Users/Winter/Desktop/vivado/Homework/Week5/behavior/behavior.xpr
Scanning sources...
Finished scanning sources
INFO: [IP_Flow 19-234] Refreshing IP repositories
INFO: [IP_Flow 19-1704] No user IP repositories specified
INFO: [IP_Flow 19-2313] Loaded Vivado IP repository 'D:/Software/Xilinx/Vivado/2019.1/data/ip'.
update_compile_order -fileset sources_1
exit
INFO: [Common 17-206] Exiting Vivado at Fri Oct  7 12:23:44 2022...
