#-----------------------------------------------------------
# Vivado v2019.1 (64-bit)
# SW Build 2552052 on Fri May 24 14:49:42 MDT 2019
# IP Build 2548770 on Fri May 24 18:01:18 MDT 2019
# Start of session at: Thu Oct  6 16:54:21 2022
# Process ID: 32708
# Current directory: C:/Users/Winter/Desktop/vivado/Exercise/seg7_exe2/project
# Command line: vivado.exe -gui_launcher_event rodinguilauncherevent22924 C:\Users\Winter\Desktop\vivado\Exercise\seg7_exe2\project\project_2.xpr
# Log file: C:/Users/Winter/Desktop/vivado/Exercise/seg7_exe2/project/vivado.log
# Journal file: C:/Users/Winter/Desktop/vivado/Exercise/seg7_exe2/project\vivado.jou
#-----------------------------------------------------------
start_gui
open_project C:/Users/Winter/Desktop/vivado/Exercise/seg7_exe2/project/project_2.xpr
INFO: [Project 1-313] Project file moved from 'C:/Users/Winter/Desktop/vivado/Exercise/seg7_exe/project_2' since last save.
Scanning sources...
Finished scanning sources
INFO: [IP_Flow 19-234] Refreshing IP repositories
INFO: [IP_Flow 19-1704] No user IP repositories specified
INFO: [IP_Flow 19-2313] Loaded Vivado IP repository 'D:/Software/Xilinx/Vivado/2019.1/data/ip'.
update_compile_order -fileset sources_1
reset_run synth_1
launch_runs impl_1 -to_step write_bitstream -jobs 4
[Thu Oct  6 16:54:36 2022] Launched synth_1...
Run output will be captured here: C:/Users/Winter/Desktop/vivado/Exercise/seg7_exe2/project/project_2.runs/synth_1/runme.log
[Thu Oct  6 16:54:36 2022] Launched impl_1...
Run output will be captured here: C:/Users/Winter/Desktop/vivado/Exercise/seg7_exe2/project/project_2.runs/impl_1/runme.log
open_hw
connect_hw_server
INFO: [Labtools 27-2285] Connecting to hw_server url TCP:localhost:3121
open_hw_target
INFO: [Labtoolstcl 44-466] Opening hw_target localhost:3121/xilinx_tcf/Digilent/210183ACAB2FA
set_property PROGRAM.FILE {C:/Users/Winter/Desktop/vivado/Exercise/seg7_exe2/project/project_2.runs/impl_1/display_7seg.bit} [get_hw_devices xc7a35t_0]
current_hw_device [get_hw_devices xc7a35t_0]
refresh_hw_device -update_hw_probes false [lindex [get_hw_devices xc7a35t_0] 0]
INFO: [Labtools 27-1434] Device xc7a35t (JTAG device index = 0) is programmed with a design that has no supported debug core(s) in it.
set_property PROBES.FILE {} [get_hw_devices xc7a35t_0]
set_property FULL_PROBES.FILE {} [get_hw_devices xc7a35t_0]
set_property PROGRAM.FILE {C:/Users/Winter/Desktop/vivado/Exercise/seg7_exe2/project/project_2.runs/impl_1/display_7seg.bit} [get_hw_devices xc7a35t_0]
program_hw_devices [get_hw_devices xc7a35t_0]
INFO: [Labtools 27-3164] End of startup status: HIGH
refresh_hw_device [lindex [get_hw_devices xc7a35t_0] 0]
INFO: [Labtools 27-1434] Device xc7a35t (JTAG device index = 0) is programmed with a design that has no supported debug core(s) in it.
set_property PROBES.FILE {} [get_hw_devices xc7a35t_0]
set_property FULL_PROBES.FILE {} [get_hw_devices xc7a35t_0]
set_property PROGRAM.FILE {C:/Users/Winter/Desktop/vivado/Exercise/seg7_exe2/project/project_2.runs/impl_1/display_7seg.bit} [get_hw_devices xc7a35t_0]
program_hw_devices [get_hw_devices xc7a35t_0]
INFO: [Labtools 27-3164] End of startup status: HIGH
refresh_hw_device [lindex [get_hw_devices xc7a35t_0] 0]
INFO: [Labtools 27-1434] Device xc7a35t (JTAG device index = 0) is programmed with a design that has no supported debug core(s) in it.
ERROR: [Labtoolstcl 44-513] HW Target shutdown. Closing target: localhost:3121/xilinx_tcf/Digilent/210183ACAB2FA
exit
INFO: [Common 17-206] Exiting Vivado at Thu Oct  6 21:53:22 2022...
