#-----------------------------------------------------------
# Vivado v2019.1 (64-bit)
# SW Build 2552052 on Fri May 24 14:49:42 MDT 2019
# IP Build 2548770 on Fri May 24 18:01:18 MDT 2019
# Start of session at: Fri Oct 14 01:02:02 2022
# Process ID: 24380
# Current directory: C:/Users/Winter/Desktop/vivado/Homework/Week6/CTRDIV16
# Command line: vivado.exe -gui_launcher_event rodinguilauncherevent21664 C:\Users\Winter\Desktop\vivado\Homework\Week6\CTRDIV16\CTRDIV16.xpr
# Log file: C:/Users/Winter/Desktop/vivado/Homework/Week6/CTRDIV16/vivado.log
# Journal file: C:/Users/Winter/Desktop/vivado/Homework/Week6/CTRDIV16\vivado.jou
#-----------------------------------------------------------
start_gui
open_project C:/Users/Winter/Desktop/vivado/Homework/Week6/CTRDIV16/CTRDIV16.xpr
Scanning sources...
Finished scanning sources
INFO: [IP_Flow 19-234] Refreshing IP repositories
INFO: [IP_Flow 19-1704] No user IP repositories specified
INFO: [IP_Flow 19-2313] Loaded Vivado IP repository 'D:/Software/Xilinx/Vivado/2019.1/data/ip'.
update_compile_order -fileset sources_1
add_files -norecurse C:/Users/Winter/Desktop/vivado/Homework/Week6/Code/mod10kcnt.v
update_compile_order -fileset sources_1
reset_run synth_1
launch_runs impl_1 -to_step write_bitstream -jobs 4
[Fri Oct 14 01:02:41 2022] Launched synth_1...
Run output will be captured here: C:/Users/Winter/Desktop/vivado/Homework/Week6/CTRDIV16/CTRDIV16.runs/synth_1/runme.log
[Fri Oct 14 01:02:41 2022] Launched impl_1...
Run output will be captured here: C:/Users/Winter/Desktop/vivado/Homework/Week6/CTRDIV16/CTRDIV16.runs/impl_1/runme.log
reset_run synth_1
launch_runs impl_1 -to_step write_bitstream -jobs 4
[Fri Oct 14 01:03:10 2022] Launched synth_1...
Run output will be captured here: C:/Users/Winter/Desktop/vivado/Homework/Week6/CTRDIV16/CTRDIV16.runs/synth_1/runme.log
[Fri Oct 14 01:03:10 2022] Launched impl_1...
Run output will be captured here: C:/Users/Winter/Desktop/vivado/Homework/Week6/CTRDIV16/CTRDIV16.runs/impl_1/runme.log
reset_run synth_1
launch_runs impl_1 -to_step write_bitstream -jobs 4
[Fri Oct 14 01:03:48 2022] Launched synth_1...
Run output will be captured here: C:/Users/Winter/Desktop/vivado/Homework/Week6/CTRDIV16/CTRDIV16.runs/synth_1/runme.log
[Fri Oct 14 01:03:48 2022] Launched impl_1...
Run output will be captured here: C:/Users/Winter/Desktop/vivado/Homework/Week6/CTRDIV16/CTRDIV16.runs/impl_1/runme.log
reset_run synth_1
launch_runs impl_1 -to_step write_bitstream -jobs 4
[Fri Oct 14 01:07:02 2022] Launched synth_1...
Run output will be captured here: C:/Users/Winter/Desktop/vivado/Homework/Week6/CTRDIV16/CTRDIV16.runs/synth_1/runme.log
[Fri Oct 14 01:07:02 2022] Launched impl_1...
Run output will be captured here: C:/Users/Winter/Desktop/vivado/Homework/Week6/CTRDIV16/CTRDIV16.runs/impl_1/runme.log
reset_run synth_1
launch_runs impl_1 -to_step write_bitstream -jobs 4
[Fri Oct 14 01:07:57 2022] Launched synth_1...
Run output will be captured here: C:/Users/Winter/Desktop/vivado/Homework/Week6/CTRDIV16/CTRDIV16.runs/synth_1/runme.log
[Fri Oct 14 01:07:57 2022] Launched impl_1...
Run output will be captured here: C:/Users/Winter/Desktop/vivado/Homework/Week6/CTRDIV16/CTRDIV16.runs/impl_1/runme.log
open_hw
connect_hw_server
INFO: [Labtools 27-2285] Connecting to hw_server url TCP:localhost:3121
INFO: [Labtools 27-2222] Launching hw_server...
INFO: [Labtools 27-2221] Launch Output:

****** Xilinx hw_server v2019.1
  **** Build date : May 24 2019 at 15:13:31
    ** Copyright 1986-2019 Xilinx, Inc. All Rights Reserved.


open_hw_target
INFO: [Labtoolstcl 44-466] Opening hw_target localhost:3121/xilinx_tcf/Digilent/210183ACAB2FA
set_property PROGRAM.FILE {C:/Users/Winter/Desktop/vivado/Homework/Week6/CTRDIV16/CTRDIV16.runs/impl_1/CTRDIV16_top.bit} [get_hw_devices xc7a35t_0]
current_hw_device [get_hw_devices xc7a35t_0]
refresh_hw_device -update_hw_probes false [lindex [get_hw_devices xc7a35t_0] 0]
INFO: [Labtools 27-1434] Device xc7a35t (JTAG device index = 0) is programmed with a design that has no supported debug core(s) in it.
set_property PROBES.FILE {} [get_hw_devices xc7a35t_0]
set_property FULL_PROBES.FILE {} [get_hw_devices xc7a35t_0]
set_property PROGRAM.FILE {C:/Users/Winter/Desktop/vivado/Homework/Week6/CTRDIV16/CTRDIV16.runs/impl_1/CTRDIV16_top.bit} [get_hw_devices xc7a35t_0]
program_hw_devices [get_hw_devices xc7a35t_0]
INFO: [Labtools 27-3164] End of startup status: HIGH
refresh_hw_device [lindex [get_hw_devices xc7a35t_0] 0]
INFO: [Labtools 27-1434] Device xc7a35t (JTAG device index = 0) is programmed with a design that has no supported debug core(s) in it.
close_hw
reset_run synth_1
launch_runs impl_1 -to_step write_bitstream -jobs 4
[Fri Oct 14 01:10:30 2022] Launched synth_1...
Run output will be captured here: C:/Users/Winter/Desktop/vivado/Homework/Week6/CTRDIV16/CTRDIV16.runs/synth_1/runme.log
[Fri Oct 14 01:10:30 2022] Launched impl_1...
Run output will be captured here: C:/Users/Winter/Desktop/vivado/Homework/Week6/CTRDIV16/CTRDIV16.runs/impl_1/runme.log
reset_run synth_1
launch_runs impl_1 -to_step write_bitstream -jobs 4
[Fri Oct 14 01:10:59 2022] Launched synth_1...
Run output will be captured here: C:/Users/Winter/Desktop/vivado/Homework/Week6/CTRDIV16/CTRDIV16.runs/synth_1/runme.log
[Fri Oct 14 01:10:59 2022] Launched impl_1...
Run output will be captured here: C:/Users/Winter/Desktop/vivado/Homework/Week6/CTRDIV16/CTRDIV16.runs/impl_1/runme.log
update_compile_order -fileset sources_1
update_compile_order -fileset sources_1
reset_run synth_1
launch_runs impl_1 -to_step write_bitstream -jobs 4
[Fri Oct 14 01:15:43 2022] Launched synth_1...
Run output will be captured here: C:/Users/Winter/Desktop/vivado/Homework/Week6/CTRDIV16/CTRDIV16.runs/synth_1/runme.log
[Fri Oct 14 01:15:43 2022] Launched impl_1...
Run output will be captured here: C:/Users/Winter/Desktop/vivado/Homework/Week6/CTRDIV16/CTRDIV16.runs/impl_1/runme.log
reset_run synth_1
launch_runs impl_1 -to_step write_bitstream -jobs 4
[Fri Oct 14 01:16:53 2022] Launched synth_1...
Run output will be captured here: C:/Users/Winter/Desktop/vivado/Homework/Week6/CTRDIV16/CTRDIV16.runs/synth_1/runme.log
[Fri Oct 14 01:16:53 2022] Launched impl_1...
Run output will be captured here: C:/Users/Winter/Desktop/vivado/Homework/Week6/CTRDIV16/CTRDIV16.runs/impl_1/runme.log
open_hw
connect_hw_server
INFO: [Labtools 27-2285] Connecting to hw_server url TCP:localhost:3121
INFO: [Labtools 27-2222] Launching hw_server...
INFO: [Labtools 27-2221] Launch Output:

****** Xilinx hw_server v2019.1
  **** Build date : May 24 2019 at 15:13:31
    ** Copyright 1986-2019 Xilinx, Inc. All Rights Reserved.


open_hw_target
INFO: [Labtoolstcl 44-466] Opening hw_target localhost:3121/xilinx_tcf/Digilent/210183ACAB2FA
set_property PROGRAM.FILE {C:/Users/Winter/Desktop/vivado/Homework/Week6/CTRDIV16/CTRDIV16.runs/impl_1/CTRDIV16_top.bit} [get_hw_devices xc7a35t_0]
current_hw_device [get_hw_devices xc7a35t_0]
refresh_hw_device -update_hw_probes false [lindex [get_hw_devices xc7a35t_0] 0]
INFO: [Labtools 27-1434] Device xc7a35t (JTAG device index = 0) is programmed with a design that has no supported debug core(s) in it.
set_property PROBES.FILE {} [get_hw_devices xc7a35t_0]
set_property FULL_PROBES.FILE {} [get_hw_devices xc7a35t_0]
set_property PROGRAM.FILE {C:/Users/Winter/Desktop/vivado/Homework/Week6/CTRDIV16/CTRDIV16.runs/impl_1/CTRDIV16_top.bit} [get_hw_devices xc7a35t_0]
program_hw_devices [get_hw_devices xc7a35t_0]
INFO: [Labtools 27-3164] End of startup status: HIGH
refresh_hw_device [lindex [get_hw_devices xc7a35t_0] 0]
INFO: [Labtools 27-1434] Device xc7a35t (JTAG device index = 0) is programmed with a design that has no supported debug core(s) in it.
exit
INFO: [Common 17-206] Exiting Vivado at Fri Oct 14 01:19:18 2022...
