#-----------------------------------------------------------
# Vivado v2020.2 (64-bit)
# SW Build 3064766 on Wed Nov 18 09:12:45 MST 2020
# IP Build 3064653 on Wed Nov 18 14:17:31 MST 2020
# Start of session at: Tue Jun 29 15:18:49 2021
# Process ID: 8760
# Current directory: C:/Users/123/Desktop/数电/课设/piano
# Command line: vivado.exe -gui_launcher_event rodinguilauncherevent320 C:\Users\123\Desktop\数电\课设\piano\piano.xpr
# Log file: C:/Users/123/Desktop/数电/课设/piano/vivado.log
# Journal file: C:/Users/123/Desktop/数电/课设/piano\vivado.jou
#-----------------------------------------------------------
start_gui
open_project C:/Users/123/Desktop/数电/课设/piano/piano.xpr
Scanning sources...
Finished scanning sources
INFO: [IP_Flow 19-234] Refreshing IP repositories
INFO: [IP_Flow 19-1704] No user IP repositories specified
INFO: [IP_Flow 19-2313] Loaded Vivado IP repository 'C:/Xilinx/Vivado/2020.2/data/ip'.
open_project: Time (s): cpu = 00:00:13 ; elapsed = 00:00:06 . Memory (MB): peak = 1017.902 ; gain = 0.000
update_compile_order -fileset sources_1
exit
INFO: [Common 17-206] Exiting Vivado at Tue Jun 29 15:34:07 2021...
